mode: set
github.com/jberlyn/syncopation/main.go:27.13,40.68 8 0
github.com/jberlyn/syncopation/main.go:40.68,43.3 2 0
github.com/jberlyn/syncopation/main.go:46.2,47.16 2 0
github.com/jberlyn/syncopation/main.go:47.16,50.3 2 0
github.com/jberlyn/syncopation/main.go:51.2,55.16 3 0
github.com/jberlyn/syncopation/main.go:55.16,58.3 2 0
github.com/jberlyn/syncopation/main.go:59.2,59.55 1 0
github.com/jberlyn/syncopation/main.go:59.55,62.3 1 0
github.com/jberlyn/syncopation/main.go:64.2,67.15 3 0
github.com/jberlyn/syncopation/main.go:67.15,70.3 2 0
github.com/jberlyn/syncopation/main.go:72.2,79.69 4 0
github.com/jberlyn/syncopation/main.go:79.69,82.3 2 0
github.com/jberlyn/syncopation/main.go:85.93,93.81 4 0
github.com/jberlyn/syncopation/main.go:93.81,96.3 2 0
github.com/jberlyn/syncopation/main.go:98.2,130.12 22 0
github.com/jberlyn/syncopation/main.go:133.60,138.41 3 0
github.com/jberlyn/syncopation/main.go:138.41,141.3 2 0
github.com/jberlyn/syncopation/main.go:143.2,144.16 2 0
github.com/jberlyn/syncopation/main.go:144.16,147.3 2 0
github.com/jberlyn/syncopation/main.go:149.2,160.16 4 0
github.com/jberlyn/syncopation/main.go:160.16,163.3 2 0
github.com/jberlyn/syncopation/main.go:165.2,165.83 1 0
github.com/jberlyn/syncopation/api/admin.go:20.13,28.2 7 0
github.com/jberlyn/syncopation/api/admin.go:39.72,40.71 1 0
github.com/jberlyn/syncopation/api/admin.go:40.71,43.17 2 0
github.com/jberlyn/syncopation/api/admin.go:43.17,46.4 2 0
github.com/jberlyn/syncopation/api/admin.go:48.3,48.13 1 0
github.com/jberlyn/syncopation/api/admin.go:48.13,49.30 1 0
github.com/jberlyn/syncopation/api/admin.go:49.30,52.5 2 0
github.com/jberlyn/syncopation/api/admin.go:53.4,54.10 2 0
github.com/jberlyn/syncopation/api/admin.go:55.9,56.30 1 0
github.com/jberlyn/syncopation/api/admin.go:56.30,59.5 2 0
github.com/jberlyn/syncopation/api/admin.go:63.3,63.29 1 0
github.com/jberlyn/syncopation/api/admin.go:63.29,66.4 2 0
github.com/jberlyn/syncopation/api/admin.go:69.3,70.39 2 0
github.com/jberlyn/syncopation/api/admin.go:70.39,73.4 2 0
github.com/jberlyn/syncopation/api/admin.go:76.3,77.17 2 0
github.com/jberlyn/syncopation/api/admin.go:77.17,79.36 2 0
github.com/jberlyn/syncopation/api/admin.go:79.36,81.5 1 0
github.com/jberlyn/syncopation/api/admin.go:81.10,83.5 1 0
github.com/jberlyn/syncopation/api/admin.go:84.4,84.10 1 0
github.com/jberlyn/syncopation/api/admin.go:87.3,88.40 2 0
github.com/jberlyn/syncopation/api/admin.go:92.79,93.32 1 0
github.com/jberlyn/syncopation/api/admin.go:93.32,96.3 2 0
github.com/jberlyn/syncopation/api/admin.go:97.2,97.102 1 0
github.com/jberlyn/syncopation/api/admin.go:100.80,101.33 1 0
github.com/jberlyn/syncopation/api/admin.go:101.33,104.3 2 0
github.com/jberlyn/syncopation/api/admin.go:106.2,106.38 1 0
github.com/jberlyn/syncopation/api/admin.go:106.38,109.3 2 0
github.com/jberlyn/syncopation/api/admin.go:111.2,114.35 3 0
github.com/jberlyn/syncopation/api/admin.go:114.35,117.3 2 0
github.com/jberlyn/syncopation/api/admin.go:119.2,120.16 2 0
github.com/jberlyn/syncopation/api/admin.go:120.16,124.3 3 0
github.com/jberlyn/syncopation/api/admin.go:126.2,134.44 2 0
github.com/jberlyn/syncopation/api/admin.go:137.79,138.32 1 0
github.com/jberlyn/syncopation/api/admin.go:138.32,141.3 2 0
github.com/jberlyn/syncopation/api/admin.go:142.2,142.102 1 0
github.com/jberlyn/syncopation/api/admin.go:145.80,146.33 1 0
github.com/jberlyn/syncopation/api/admin.go:146.33,149.3 2 0
github.com/jberlyn/syncopation/api/admin.go:151.2,156.16 5 0
github.com/jberlyn/syncopation/api/admin.go:156.16,157.44 1 0
github.com/jberlyn/syncopation/api/admin.go:157.44,160.4 2 0
github.com/jberlyn/syncopation/api/admin.go:161.3,162.9 2 0
github.com/jberlyn/syncopation/api/admin.go:165.2,173.44 2 0
github.com/jberlyn/syncopation/api/admin.go:176.77,178.38 2 0
github.com/jberlyn/syncopation/api/admin.go:178.38,180.3 1 0
github.com/jberlyn/syncopation/api/admin.go:182.2,189.49 2 0
github.com/jberlyn/syncopation/api/admin.go:192.80,193.32 1 0
github.com/jberlyn/syncopation/api/admin.go:193.32,196.3 2 0
github.com/jberlyn/syncopation/api/admin.go:197.2,206.4 3 0
github.com/jberlyn/syncopation/api/admin.go:209.80,210.33 1 0
github.com/jberlyn/syncopation/api/admin.go:210.33,213.3 2 0
github.com/jberlyn/syncopation/api/admin.go:214.2,220.35 6 0
github.com/jberlyn/syncopation/api/admin.go:220.35,222.3 1 0
github.com/jberlyn/syncopation/api/admin.go:222.8,224.17 2 0
github.com/jberlyn/syncopation/api/admin.go:224.17,225.37 1 0
github.com/jberlyn/syncopation/api/admin.go:225.37,227.5 1 0
github.com/jberlyn/syncopation/api/admin.go:227.10,229.5 1 0
github.com/jberlyn/syncopation/api/admin.go:230.9,232.4 1 0
github.com/jberlyn/syncopation/api/admin.go:235.2,235.13 1 0
github.com/jberlyn/syncopation/api/admin.go:235.13,247.3 5 0
github.com/jberlyn/syncopation/api/admin.go:247.8,252.3 1 0
github.com/jberlyn/syncopation/api/admin.go:255.82,256.35 1 0
github.com/jberlyn/syncopation/api/admin.go:256.35,259.3 2 0
github.com/jberlyn/syncopation/api/admin.go:261.2,262.14 2 0
github.com/jberlyn/syncopation/api/admin.go:262.14,264.21 2 0
github.com/jberlyn/syncopation/api/admin.go:264.21,266.4 1 0
github.com/jberlyn/syncopation/api/admin.go:268.2,268.14 1 0
github.com/jberlyn/syncopation/api/admin.go:268.14,271.3 2 0
github.com/jberlyn/syncopation/api/admin.go:273.2,274.16 2 0
github.com/jberlyn/syncopation/api/admin.go:274.16,276.3 1 0
github.com/jberlyn/syncopation/api/admin.go:278.2,286.4 3 0
github.com/jberlyn/syncopation/api/auth.go:25.69,27.61 2 0
github.com/jberlyn/syncopation/api/auth.go:27.61,30.3 2 0
github.com/jberlyn/syncopation/api/auth.go:32.2,33.16 2 0
github.com/jberlyn/syncopation/api/auth.go:33.16,34.44 1 0
github.com/jberlyn/syncopation/api/auth.go:34.44,37.4 2 0
github.com/jberlyn/syncopation/api/auth.go:38.3,39.9 2 0
github.com/jberlyn/syncopation/api/auth.go:42.2,48.37 3 0
github.com/jberlyn/syncopation/api/auth.go:51.70,53.14 2 0
github.com/jberlyn/syncopation/api/auth.go:53.14,56.3 2 0
github.com/jberlyn/syncopation/api/auth.go:58.2,59.16 2 0
github.com/jberlyn/syncopation/api/auth.go:59.16,62.3 2 0
github.com/jberlyn/syncopation/api/auth.go:64.2,64.30 1 0
github.com/jberlyn/syncopation/api/auth.go:72.67,73.71 1 0
github.com/jberlyn/syncopation/api/auth.go:73.71,75.18 2 0
github.com/jberlyn/syncopation/api/auth.go:75.18,78.4 2 0
github.com/jberlyn/syncopation/api/auth.go:80.3,81.17 2 0
github.com/jberlyn/syncopation/api/auth.go:81.17,84.4 2 0
github.com/jberlyn/syncopation/api/auth.go:86.3,87.40 2 0
github.com/jberlyn/syncopation/api/batch_items.go:49.85,51.9 2 0
github.com/jberlyn/syncopation/api/batch_items.go:51.9,54.3 2 0
github.com/jberlyn/syncopation/api/batch_items.go:56.2,56.18 1 0
github.com/jberlyn/syncopation/api/batch_items.go:57.22,58.33 1 0
github.com/jberlyn/syncopation/api/batch_items.go:59.25,60.36 1 0
github.com/jberlyn/syncopation/api/batch_items.go:61.10,62.67 1 0
github.com/jberlyn/syncopation/api/batch_items.go:66.98,69.16 3 0
github.com/jberlyn/syncopation/api/batch_items.go:69.16,72.3 2 0
github.com/jberlyn/syncopation/api/batch_items.go:74.2,74.51 1 0
github.com/jberlyn/syncopation/api/batch_items.go:74.51,77.3 2 0
github.com/jberlyn/syncopation/api/batch_items.go:79.2,81.16 3 0
github.com/jberlyn/syncopation/api/batch_items.go:81.16,84.3 2 0
github.com/jberlyn/syncopation/api/batch_items.go:85.2,85.15 1 0
github.com/jberlyn/syncopation/api/batch_items.go:85.15,85.36 1 0
github.com/jberlyn/syncopation/api/batch_items.go:87.2,91.36 4 0
github.com/jberlyn/syncopation/api/batch_items.go:91.36,104.27 7 0
github.com/jberlyn/syncopation/api/batch_items.go:104.27,108.4 3 0
github.com/jberlyn/syncopation/api/batch_items.go:108.9,108.24 1 0
github.com/jberlyn/syncopation/api/batch_items.go:108.24,111.12 3 0
github.com/jberlyn/syncopation/api/batch_items.go:112.9,116.4 3 0
github.com/jberlyn/syncopation/api/batch_items.go:118.3,118.77 1 0
github.com/jberlyn/syncopation/api/batch_items.go:118.77,121.12 3 0
github.com/jberlyn/syncopation/api/batch_items.go:124.3,138.17 2 0
github.com/jberlyn/syncopation/api/batch_items.go:138.17,141.12 3 0
github.com/jberlyn/syncopation/api/batch_items.go:144.3,150.17 2 0
github.com/jberlyn/syncopation/api/batch_items.go:150.17,153.12 3 0
github.com/jberlyn/syncopation/api/batch_items.go:156.3,167.17 2 0
github.com/jberlyn/syncopation/api/batch_items.go:167.17,170.12 3 0
github.com/jberlyn/syncopation/api/batch_items.go:173.3,182.4 1 0
github.com/jberlyn/syncopation/api/batch_items.go:185.2,185.36 1 0
github.com/jberlyn/syncopation/api/batch_items.go:185.36,188.3 2 0
github.com/jberlyn/syncopation/api/batch_items.go:190.2,196.37 3 0
github.com/jberlyn/syncopation/api/batch_items.go:199.101,202.16 3 0
github.com/jberlyn/syncopation/api/batch_items.go:202.16,205.3 2 0
github.com/jberlyn/syncopation/api/batch_items.go:207.2,207.51 1 0
github.com/jberlyn/syncopation/api/batch_items.go:207.51,210.3 2 0
github.com/jberlyn/syncopation/api/batch_items.go:212.2,214.16 3 0
github.com/jberlyn/syncopation/api/batch_items.go:214.16,217.3 2 0
github.com/jberlyn/syncopation/api/batch_items.go:218.2,218.15 1 0
github.com/jberlyn/syncopation/api/batch_items.go:218.15,218.36 1 0
github.com/jberlyn/syncopation/api/batch_items.go:220.2,224.37 4 0
github.com/jberlyn/syncopation/api/batch_items.go:224.37,229.17 2 0
github.com/jberlyn/syncopation/api/batch_items.go:229.17,230.28 1 0
github.com/jberlyn/syncopation/api/batch_items.go:230.28,232.13 2 0
github.com/jberlyn/syncopation/api/batch_items.go:235.4,235.12 1 0
github.com/jberlyn/syncopation/api/batch_items.go:238.3,242.17 2 0
github.com/jberlyn/syncopation/api/batch_items.go:242.17,243.12 1 0
github.com/jberlyn/syncopation/api/batch_items.go:246.3,250.17 2 0
github.com/jberlyn/syncopation/api/batch_items.go:250.17,251.12 1 0
github.com/jberlyn/syncopation/api/batch_items.go:254.3,265.17 2 0
github.com/jberlyn/syncopation/api/batch_items.go:265.17,266.12 1 0
github.com/jberlyn/syncopation/api/batch_items.go:269.3,271.33 2 0
github.com/jberlyn/syncopation/api/batch_items.go:274.2,274.36 1 0
github.com/jberlyn/syncopation/api/batch_items.go:274.36,277.3 2 0
github.com/jberlyn/syncopation/api/batch_items.go:279.2,285.37 3 0
github.com/jberlyn/syncopation/api/items.go:40.53,41.47 1 0
github.com/jberlyn/syncopation/api/items.go:41.47,43.43 2 0
github.com/jberlyn/syncopation/api/items.go:43.43,45.4 1 0
github.com/jberlyn/syncopation/api/items.go:46.3,46.41 1 0
github.com/jberlyn/syncopation/api/items.go:46.41,48.4 1 0
github.com/jberlyn/syncopation/api/items.go:49.3,49.45 1 0
github.com/jberlyn/syncopation/api/items.go:49.45,54.4 3 0
github.com/jberlyn/syncopation/api/items.go:55.3,55.35 1 0
github.com/jberlyn/syncopation/api/items.go:55.35,57.4 1 0
github.com/jberlyn/syncopation/api/items.go:58.8,58.54 1 0
github.com/jberlyn/syncopation/api/items.go:58.54,60.23 2 0
github.com/jberlyn/syncopation/api/items.go:60.23,62.4 1 0
github.com/jberlyn/syncopation/api/items.go:63.3,63.54 1 0
github.com/jberlyn/syncopation/api/items.go:63.54,65.4 1 0
github.com/jberlyn/syncopation/api/items.go:66.3,66.17 1 0
github.com/jberlyn/syncopation/api/items.go:66.17,68.4 1 0
github.com/jberlyn/syncopation/api/items.go:70.2,70.22 1 0
github.com/jberlyn/syncopation/api/items.go:73.75,75.9 2 0
github.com/jberlyn/syncopation/api/items.go:75.9,78.3 2 0
github.com/jberlyn/syncopation/api/items.go:80.2,81.12 2 0
github.com/jberlyn/syncopation/api/items.go:81.12,84.3 2 0
github.com/jberlyn/syncopation/api/items.go:86.2,86.18 1 0
github.com/jberlyn/syncopation/api/items.go:87.22,88.26 1 0
github.com/jberlyn/syncopation/api/items.go:88.26,90.4 1 0
github.com/jberlyn/syncopation/api/items.go:90.9,90.31 1 0
github.com/jberlyn/syncopation/api/items.go:90.31,92.4 1 0
github.com/jberlyn/syncopation/api/items.go:92.9,92.34 1 0
github.com/jberlyn/syncopation/api/items.go:92.34,94.4 1 0
github.com/jberlyn/syncopation/api/items.go:94.9,96.4 1 0
github.com/jberlyn/syncopation/api/items.go:97.22,98.26 1 0
github.com/jberlyn/syncopation/api/items.go:98.26,101.4 2 0
github.com/jberlyn/syncopation/api/items.go:102.3,102.45 1 0
github.com/jberlyn/syncopation/api/items.go:103.25,104.23 1 0
github.com/jberlyn/syncopation/api/items.go:104.23,107.4 2 0
github.com/jberlyn/syncopation/api/items.go:108.3,108.41 1 0
github.com/jberlyn/syncopation/api/items.go:109.10,110.67 1 0
github.com/jberlyn/syncopation/api/items.go:114.102,116.16 2 0
github.com/jberlyn/syncopation/api/items.go:116.16,117.27 1 0
github.com/jberlyn/syncopation/api/items.go:117.27,120.4 2 0
github.com/jberlyn/syncopation/api/items.go:121.3,122.9 2 0
github.com/jberlyn/syncopation/api/items.go:125.2,134.37 3 0
github.com/jberlyn/syncopation/api/items.go:137.105,139.16 2 0
github.com/jberlyn/syncopation/api/items.go:139.16,140.27 1 0
github.com/jberlyn/syncopation/api/items.go:140.27,143.4 2 0
github.com/jberlyn/syncopation/api/items.go:144.3,145.9 2 0
github.com/jberlyn/syncopation/api/items.go:148.2,149.25 2 0
github.com/jberlyn/syncopation/api/items.go:152.93,155.21 3 0
github.com/jberlyn/syncopation/api/items.go:155.21,157.17 2 0
github.com/jberlyn/syncopation/api/items.go:157.17,159.4 1 0
github.com/jberlyn/syncopation/api/items.go:162.2,165.16 3 0
github.com/jberlyn/syncopation/api/items.go:165.16,168.3 2 0
github.com/jberlyn/syncopation/api/items.go:170.2,171.28 2 0
github.com/jberlyn/syncopation/api/items.go:171.28,179.3 2 0
github.com/jberlyn/syncopation/api/items.go:181.2,188.37 3 0
github.com/jberlyn/syncopation/api/items.go:191.96,194.21 3 0
github.com/jberlyn/syncopation/api/items.go:194.21,196.17 2 0
github.com/jberlyn/syncopation/api/items.go:196.17,198.4 1 0
github.com/jberlyn/syncopation/api/items.go:201.2,204.16 3 0
github.com/jberlyn/syncopation/api/items.go:204.16,207.3 2 0
github.com/jberlyn/syncopation/api/items.go:209.2,210.29 2 0
github.com/jberlyn/syncopation/api/items.go:210.29,218.3 1 0
github.com/jberlyn/syncopation/api/items.go:220.2,231.37 3 0
github.com/jberlyn/syncopation/api/items.go:234.105,236.16 2 0
github.com/jberlyn/syncopation/api/items.go:236.16,239.3 2 0
github.com/jberlyn/syncopation/api/items.go:241.2,242.23 2 0
github.com/jberlyn/syncopation/api/items.go:242.23,244.3 1 0
github.com/jberlyn/syncopation/api/items.go:246.2,247.16 2 0
github.com/jberlyn/syncopation/api/items.go:247.16,250.3 2 0
github.com/jberlyn/syncopation/api/items.go:252.2,261.37 3 0
github.com/jberlyn/syncopation/api/items.go:264.101,266.16 2 0
github.com/jberlyn/syncopation/api/items.go:266.16,269.3 2 0
github.com/jberlyn/syncopation/api/items.go:271.2,271.30 1 0
github.com/jberlyn/syncopation/api/locks.go:46.43,48.2 1 0
github.com/jberlyn/syncopation/api/locks.go:50.79,55.66 3 0
github.com/jberlyn/syncopation/api/locks.go:55.66,57.41 2 0
github.com/jberlyn/syncopation/api/locks.go:57.41,59.4 1 0
github.com/jberlyn/syncopation/api/locks.go:61.3,61.31 1 0
github.com/jberlyn/syncopation/api/locks.go:61.31,63.70 2 0
github.com/jberlyn/syncopation/api/locks.go:63.70,64.13 1 0
github.com/jberlyn/syncopation/api/locks.go:68.4,69.28 2 0
github.com/jberlyn/syncopation/api/locks.go:69.28,72.13 2 0
github.com/jberlyn/syncopation/api/locks.go:74.4,74.43 1 0
github.com/jberlyn/syncopation/api/locks.go:78.2,78.25 1 0
github.com/jberlyn/syncopation/api/locks.go:81.75,83.61 2 0
github.com/jberlyn/syncopation/api/locks.go:83.61,86.3 2 0
github.com/jberlyn/syncopation/api/locks.go:88.2,92.16 3 0
github.com/jberlyn/syncopation/api/locks.go:92.16,96.3 3 0
github.com/jberlyn/syncopation/api/locks.go:99.2,100.32 2 0
github.com/jberlyn/syncopation/api/locks.go:100.32,101.64 1 0
github.com/jberlyn/syncopation/api/locks.go:101.64,103.9 2 0
github.com/jberlyn/syncopation/api/locks.go:107.2,107.35 1 0
github.com/jberlyn/syncopation/api/locks.go:107.35,110.33 2 0
github.com/jberlyn/syncopation/api/locks.go:110.33,111.34 1 0
github.com/jberlyn/syncopation/api/locks.go:111.34,113.10 2 0
github.com/jberlyn/syncopation/api/locks.go:116.3,116.20 1 0
github.com/jberlyn/syncopation/api/locks.go:116.20,119.4 2 0
github.com/jberlyn/syncopation/api/locks.go:120.8,120.37 1 0
github.com/jberlyn/syncopation/api/locks.go:120.37,122.23 1 0
github.com/jberlyn/syncopation/api/locks.go:122.23,125.4 2 0
github.com/jberlyn/syncopation/api/locks.go:126.8,129.3 2 0
github.com/jberlyn/syncopation/api/locks.go:132.2,147.16 5 0
github.com/jberlyn/syncopation/api/locks.go:147.16,150.3 2 0
github.com/jberlyn/syncopation/api/locks.go:152.2,153.41 2 0
github.com/jberlyn/syncopation/api/locks.go:156.75,160.14 2 0
github.com/jberlyn/syncopation/api/locks.go:160.14,163.3 2 0
github.com/jberlyn/syncopation/api/locks.go:165.2,167.16 3 0
github.com/jberlyn/syncopation/api/locks.go:167.16,170.3 2 0
github.com/jberlyn/syncopation/api/locks.go:172.2,172.30 1 0
github.com/jberlyn/syncopation/api/locks.go:175.73,177.16 2 0
github.com/jberlyn/syncopation/api/locks.go:177.16,180.3 2 0
github.com/jberlyn/syncopation/api/locks.go:183.2,183.24 1 0
github.com/jberlyn/syncopation/api/locks.go:183.24,185.3 1 0
github.com/jberlyn/syncopation/api/locks.go:187.2,193.37 3 0
github.com/jberlyn/syncopation/api/middleware.go:15.56,18.2 2 0
github.com/jberlyn/syncopation/api/middleware.go:22.56,23.71 1 0
github.com/jberlyn/syncopation/api/middleware.go:23.71,33.49 6 0
github.com/jberlyn/syncopation/api/middleware.go:33.49,35.4 1 0
github.com/jberlyn/syncopation/api/middleware.go:36.3,36.46 1 0
github.com/jberlyn/syncopation/api/middleware.go:36.46,38.4 1 0
github.com/jberlyn/syncopation/api/middleware.go:40.3,46.4 1 0
github.com/jberlyn/syncopation/config/config.go:16.27,18.40 1 0
github.com/jberlyn/syncopation/config/config.go:18.40,20.3 1 0
github.com/jberlyn/syncopation/config/config.go:22.2,23.16 2 0
github.com/jberlyn/syncopation/config/config.go:23.16,25.3 1 0
github.com/jberlyn/syncopation/config/config.go:27.2,28.18 2 0
github.com/jberlyn/syncopation/config/config.go:28.18,30.3 1 0
github.com/jberlyn/syncopation/config/config.go:32.2,33.23 2 0
github.com/jberlyn/syncopation/config/config.go:33.23,35.3 1 0
github.com/jberlyn/syncopation/config/config.go:37.2,41.3 1 0
github.com/jberlyn/syncopation/db/db.go:19.28,21.2 1 0
github.com/jberlyn/syncopation/db/db.go:27.47,31.2 1 0
github.com/jberlyn/syncopation/db/queries.sql.go:16.66,21.2 4 0
github.com/jberlyn/syncopation/db/queries.sql.go:40.96,57.2 4 0
github.com/jberlyn/syncopation/db/queries.sql.go:76.90,93.2 4 0
github.com/jberlyn/syncopation/db/queries.sql.go:113.87,132.2 4 0
github.com/jberlyn/syncopation/db/queries.sql.go:151.102,169.2 4 0
github.com/jberlyn/syncopation/db/queries.sql.go:176.71,179.2 2 0
github.com/jberlyn/syncopation/db/queries.sql.go:193.121,196.2 2 0
github.com/jberlyn/syncopation/db/queries.sql.go:203.77,206.2 2 0
github.com/jberlyn/syncopation/db/queries.sql.go:213.68,216.2 2 0
github.com/jberlyn/syncopation/db/queries.sql.go:228.95,231.2 2 0
github.com/jberlyn/syncopation/db/queries.sql.go:246.115,248.16 2 0
github.com/jberlyn/syncopation/db/queries.sql.go:248.16,250.3 1 0
github.com/jberlyn/syncopation/db/queries.sql.go:251.2,253.18 3 0
github.com/jberlyn/syncopation/db/queries.sql.go:253.18,266.17 2 0
github.com/jberlyn/syncopation/db/queries.sql.go:266.17,268.4 1 0
github.com/jberlyn/syncopation/db/queries.sql.go:269.3,269.27 1 0
github.com/jberlyn/syncopation/db/queries.sql.go:271.2,271.37 1 0
github.com/jberlyn/syncopation/db/queries.sql.go:271.37,273.3 1 0
github.com/jberlyn/syncopation/db/queries.sql.go:274.2,274.35 1 0
github.com/jberlyn/syncopation/db/queries.sql.go:274.35,276.3 1 0
github.com/jberlyn/syncopation/db/queries.sql.go:277.2,277.19 1 0
github.com/jberlyn/syncopation/db/queries.sql.go:291.86,296.2 4 0
github.com/jberlyn/syncopation/db/queries.sql.go:303.79,314.2 4 0
github.com/jberlyn/syncopation/db/queries.sql.go:328.127,346.2 4 0
github.com/jberlyn/syncopation/db/queries.sql.go:353.86,363.2 4 0
github.com/jberlyn/syncopation/db/queries.sql.go:370.73,382.2 4 0
github.com/jberlyn/syncopation/db/queries.sql.go:389.83,401.2 4 0
github.com/jberlyn/syncopation/db/queries.sql.go:424.80,426.16 2 0
github.com/jberlyn/syncopation/db/queries.sql.go:426.16,428.3 1 0
github.com/jberlyn/syncopation/db/queries.sql.go:429.2,431.18 3 0
github.com/jberlyn/syncopation/db/queries.sql.go:431.18,439.17 2 0
github.com/jberlyn/syncopation/db/queries.sql.go:439.17,441.4 1 0
github.com/jberlyn/syncopation/db/queries.sql.go:442.3,442.27 1 0
github.com/jberlyn/syncopation/db/queries.sql.go:444.2,444.37 1 0
github.com/jberlyn/syncopation/db/queries.sql.go:444.37,446.3 1 0
github.com/jberlyn/syncopation/db/queries.sql.go:447.2,447.35 1 0
github.com/jberlyn/syncopation/db/queries.sql.go:447.35,449.3 1 0
github.com/jberlyn/syncopation/db/queries.sql.go:450.2,450.19 1 0
github.com/jberlyn/syncopation/db/queries.sql.go:474.105,500.2 4 0
github.com/jberlyn/syncopation/db/queries.sql.go:528.129,531.2 2 0
github.com/jberlyn/syncopation/db/queries.sql.go:547.111,549.16 2 0
github.com/jberlyn/syncopation/db/queries.sql.go:549.16,551.3 1 0
github.com/jberlyn/syncopation/db/queries.sql.go:552.2,554.18 3 0
github.com/jberlyn/syncopation/db/queries.sql.go:554.18,569.17 2 0
github.com/jberlyn/syncopation/db/queries.sql.go:569.17,571.4 1 0
github.com/jberlyn/syncopation/db/queries.sql.go:572.3,572.27 1 0
github.com/jberlyn/syncopation/db/queries.sql.go:574.2,574.37 1 0
github.com/jberlyn/syncopation/db/queries.sql.go:574.37,576.3 1 0
github.com/jberlyn/syncopation/db/queries.sql.go:577.2,577.35 1 0
github.com/jberlyn/syncopation/db/queries.sql.go:577.35,579.3 1 0
github.com/jberlyn/syncopation/db/queries.sql.go:580.2,580.19 1 0
github.com/jberlyn/syncopation/db/queries.sql.go:588.96,590.16 2 0
github.com/jberlyn/syncopation/db/queries.sql.go:590.16,592.3 1 0
github.com/jberlyn/syncopation/db/queries.sql.go:593.2,595.18 3 0
github.com/jberlyn/syncopation/db/queries.sql.go:595.18,602.17 2 0
github.com/jberlyn/syncopation/db/queries.sql.go:602.17,604.4 1 0
github.com/jberlyn/syncopation/db/queries.sql.go:605.3,605.27 1 0
github.com/jberlyn/syncopation/db/queries.sql.go:607.2,607.37 1 0
github.com/jberlyn/syncopation/db/queries.sql.go:607.37,609.3 1 0
github.com/jberlyn/syncopation/db/queries.sql.go:610.2,610.35 1 0
github.com/jberlyn/syncopation/db/queries.sql.go:610.35,612.3 1 0
github.com/jberlyn/syncopation/db/queries.sql.go:613.2,613.19 1 0
github.com/jberlyn/syncopation/db/queries.sql.go:634.93,644.2 4 0
github.com/jberlyn/syncopation/db/queries.sql.go:683.99,714.2 4 0
github.com/jberlyn/syncopation/db/queries.sql.go:734.111,750.2 4 0
github.com/jberlyn/syncopation/services/admin_service.go:26.78,31.2 1 1
github.com/jberlyn/syncopation/services/admin_service.go:33.76,35.16 2 1
github.com/jberlyn/syncopation/services/admin_service.go:35.16,37.3 1 0
github.com/jberlyn/syncopation/services/admin_service.go:38.2,38.24 1 1
github.com/jberlyn/syncopation/services/admin_service.go:41.102,43.16 2 1
github.com/jberlyn/syncopation/services/admin_service.go:43.16,45.3 1 0
github.com/jberlyn/syncopation/services/admin_service.go:47.2,48.37 2 1
github.com/jberlyn/syncopation/services/admin_service.go:48.37,50.3 1 1
github.com/jberlyn/syncopation/services/admin_service.go:52.2,52.19 1 1
github.com/jberlyn/syncopation/services/admin_service.go:55.101,57.16 2 1
github.com/jberlyn/syncopation/services/admin_service.go:57.16,59.3 1 0
github.com/jberlyn/syncopation/services/admin_service.go:61.2,72.16 4 1
github.com/jberlyn/syncopation/services/admin_service.go:72.16,74.3 1 0
github.com/jberlyn/syncopation/services/admin_service.go:76.2,84.16 3 1
github.com/jberlyn/syncopation/services/admin_service.go:84.16,86.3 1 0
github.com/jberlyn/syncopation/services/admin_service.go:88.2,88.23 1 1
github.com/jberlyn/syncopation/services/admin_service.go:91.96,93.37 2 1
github.com/jberlyn/syncopation/services/admin_service.go:93.37,95.3 1 1
github.com/jberlyn/syncopation/services/admin_service.go:97.2,97.99 1 1
github.com/jberlyn/syncopation/services/admin_service.go:97.99,99.3 1 0
github.com/jberlyn/syncopation/services/admin_service.go:101.2,110.16 4 1
github.com/jberlyn/syncopation/services/admin_service.go:110.16,112.3 1 0
github.com/jberlyn/syncopation/services/admin_service.go:114.2,114.23 1 1
github.com/jberlyn/syncopation/services/admin_service.go:117.81,119.2 1 1
github.com/jberlyn/syncopation/services/admin_service.go:121.117,123.16 2 1
github.com/jberlyn/syncopation/services/admin_service.go:123.16,125.3 1 0
github.com/jberlyn/syncopation/services/admin_service.go:126.2,127.16 2 1
github.com/jberlyn/syncopation/services/admin_service.go:127.16,129.3 1 0
github.com/jberlyn/syncopation/services/admin_service.go:130.2,130.30 1 1
github.com/jberlyn/syncopation/services/admin_service.go:133.86,135.16 2 1
github.com/jberlyn/syncopation/services/admin_service.go:135.16,137.3 1 1
github.com/jberlyn/syncopation/services/admin_service.go:139.2,140.16 2 1
github.com/jberlyn/syncopation/services/admin_service.go:140.16,142.3 1 0
github.com/jberlyn/syncopation/services/admin_service.go:144.2,153.12 3 1
github.com/jberlyn/syncopation/services/admin_service.go:156.77,158.16 2 1
github.com/jberlyn/syncopation/services/admin_service.go:158.16,160.3 1 0
github.com/jberlyn/syncopation/services/admin_service.go:161.2,161.23 1 1
github.com/jberlyn/syncopation/services/admin_service.go:161.23,163.3 1 1
github.com/jberlyn/syncopation/services/admin_service.go:165.2,171.16 3 1
github.com/jberlyn/syncopation/services/admin_service.go:171.16,173.3 1 0
github.com/jberlyn/syncopation/services/admin_service.go:175.2,176.16 2 1
github.com/jberlyn/syncopation/services/admin_service.go:176.16,178.3 1 0
github.com/jberlyn/syncopation/services/admin_service.go:180.2,180.22 1 1
github.com/jberlyn/syncopation/services/admin_service.go:180.22,182.3 1 1
github.com/jberlyn/syncopation/services/admin_service.go:184.2,184.12 1 0
github.com/jberlyn/syncopation/services/auth_service.go:20.51,24.2 1 1
github.com/jberlyn/syncopation/services/auth_service.go:26.95,28.16 2 1
github.com/jberlyn/syncopation/services/auth_service.go:28.16,30.3 1 1
github.com/jberlyn/syncopation/services/auth_service.go:32.2,32.99 1 1
github.com/jberlyn/syncopation/services/auth_service.go:32.99,34.3 1 1
github.com/jberlyn/syncopation/services/auth_service.go:37.2,47.16 4 1
github.com/jberlyn/syncopation/services/auth_service.go:47.16,49.3 1 1
github.com/jberlyn/syncopation/services/auth_service.go:51.2,51.22 1 1
github.com/jberlyn/syncopation/services/auth_service.go:54.75,56.2 1 1
github.com/jberlyn/syncopation/services/auth_service.go:58.99,60.16 2 1
github.com/jberlyn/syncopation/services/auth_service.go:60.16,62.3 1 1
github.com/jberlyn/syncopation/services/auth_service.go:63.2,63.22 1 1
github.com/jberlyn/syncopation/services/item_service.go:18.76,23.2 1 1
github.com/jberlyn/syncopation/services/item_service.go:25.99,30.16 2 1
github.com/jberlyn/syncopation/services/item_service.go:30.16,32.3 1 1
github.com/jberlyn/syncopation/services/item_service.go:33.2,33.19 1 1
github.com/jberlyn/syncopation/services/item_service.go:36.110,41.16 2 1
github.com/jberlyn/syncopation/services/item_service.go:41.16,43.3 1 1
github.com/jberlyn/syncopation/services/item_service.go:45.2,46.16 2 1
github.com/jberlyn/syncopation/services/item_service.go:46.16,48.3 1 1
github.com/jberlyn/syncopation/services/item_service.go:50.2,50.28 1 1
github.com/jberlyn/syncopation/services/item_service.go:53.133,59.16 2 1
github.com/jberlyn/syncopation/services/item_service.go:59.16,61.3 1 1
github.com/jberlyn/syncopation/services/item_service.go:63.2,64.31 2 1
github.com/jberlyn/syncopation/services/item_service.go:64.31,67.3 2 1
github.com/jberlyn/syncopation/services/item_service.go:69.2,70.22 2 1
github.com/jberlyn/syncopation/services/item_service.go:70.22,72.3 1 1
github.com/jberlyn/syncopation/services/item_service.go:74.2,74.42 1 1
github.com/jberlyn/syncopation/services/item_service.go:77.134,83.16 2 1
github.com/jberlyn/syncopation/services/item_service.go:83.16,85.3 1 1
github.com/jberlyn/syncopation/services/item_service.go:87.2,88.29 2 1
github.com/jberlyn/syncopation/services/item_service.go:88.29,91.3 2 1
github.com/jberlyn/syncopation/services/item_service.go:93.2,93.44 1 1
github.com/jberlyn/syncopation/services/item_service.go:96.138,108.26 6 1
github.com/jberlyn/syncopation/services/item_service.go:108.26,112.3 3 1
github.com/jberlyn/syncopation/services/item_service.go:112.8,112.23 1 1
github.com/jberlyn/syncopation/services/item_service.go:112.23,114.3 1 0
github.com/jberlyn/syncopation/services/item_service.go:114.8,118.3 3 1
github.com/jberlyn/syncopation/services/item_service.go:120.2,120.76 1 1
github.com/jberlyn/syncopation/services/item_service.go:120.76,122.3 1 1
github.com/jberlyn/syncopation/services/item_service.go:124.2,138.16 2 1
github.com/jberlyn/syncopation/services/item_service.go:138.16,140.3 1 0
github.com/jberlyn/syncopation/services/item_service.go:142.2,148.16 2 1
github.com/jberlyn/syncopation/services/item_service.go:148.16,150.3 1 0
github.com/jberlyn/syncopation/services/item_service.go:152.2,163.16 2 1
github.com/jberlyn/syncopation/services/item_service.go:163.16,165.3 1 0
github.com/jberlyn/syncopation/services/item_service.go:167.2,167.19 1 1
github.com/jberlyn/syncopation/services/item_service.go:170.86,175.16 2 1
github.com/jberlyn/syncopation/services/item_service.go:175.16,176.27 1 1
github.com/jberlyn/syncopation/services/item_service.go:176.27,178.4 1 1
github.com/jberlyn/syncopation/services/item_service.go:179.3,179.13 1 0
github.com/jberlyn/syncopation/services/item_service.go:182.2,186.16 2 1
github.com/jberlyn/syncopation/services/item_service.go:186.16,188.3 1 1
github.com/jberlyn/syncopation/services/item_service.go:190.2,194.16 2 1
github.com/jberlyn/syncopation/services/item_service.go:194.16,196.3 1 0
github.com/jberlyn/syncopation/services/item_service.go:198.2,210.16 3 1
github.com/jberlyn/syncopation/services/item_service.go:210.16,212.3 1 0
github.com/jberlyn/syncopation/services/item_service.go:214.2,214.52 1 1
github.com/jberlyn/syncopation/storage/local_fs.go:13.42,15.2 1 0
github.com/jberlyn/syncopation/storage/local_fs.go:17.50,19.2 1 0
github.com/jberlyn/syncopation/storage/local_fs.go:21.61,23.2 1 0
github.com/jberlyn/syncopation/storage/local_fs.go:25.91,27.2 1 0
github.com/jberlyn/syncopation/storage/local_fs.go:29.98,32.47 3 0
github.com/jberlyn/syncopation/storage/local_fs.go:32.47,34.3 1 0
github.com/jberlyn/syncopation/storage/local_fs.go:35.2,35.46 1 0
github.com/jberlyn/syncopation/storage/local_fs.go:38.83,40.24 2 0
github.com/jberlyn/syncopation/storage/local_fs.go:40.24,42.3 1 0
github.com/jberlyn/syncopation/storage/local_fs.go:43.2,43.12 1 0
github.com/jberlyn/syncopation/storage/local_fs.go:46.73,48.2 1 0
github.com/jberlyn/syncopation/main.go:27.13,40.68 8 0
github.com/jberlyn/syncopation/main.go:40.68,43.3 2 0
github.com/jberlyn/syncopation/main.go:46.2,47.16 2 0
github.com/jberlyn/syncopation/main.go:47.16,50.3 2 0
github.com/jberlyn/syncopation/main.go:51.2,55.16 3 0
github.com/jberlyn/syncopation/main.go:55.16,58.3 2 0
github.com/jberlyn/syncopation/main.go:59.2,59.55 1 0
github.com/jberlyn/syncopation/main.go:59.55,62.3 1 0
github.com/jberlyn/syncopation/main.go:64.2,67.15 3 0
github.com/jberlyn/syncopation/main.go:67.15,70.3 2 0
github.com/jberlyn/syncopation/main.go:72.2,79.69 4 0
github.com/jberlyn/syncopation/main.go:79.69,82.3 2 0
github.com/jberlyn/syncopation/main.go:85.93,93.81 4 0
github.com/jberlyn/syncopation/main.go:93.81,96.3 2 0
github.com/jberlyn/syncopation/main.go:98.2,130.12 22 0
github.com/jberlyn/syncopation/main.go:133.60,138.41 3 0
github.com/jberlyn/syncopation/main.go:138.41,141.3 2 0
github.com/jberlyn/syncopation/main.go:143.2,144.16 2 0
github.com/jberlyn/syncopation/main.go:144.16,147.3 2 0
github.com/jberlyn/syncopation/main.go:149.2,160.16 4 0
github.com/jberlyn/syncopation/main.go:160.16,163.3 2 0
github.com/jberlyn/syncopation/main.go:165.2,165.83 1 0
github.com/jberlyn/syncopation/api/admin.go:20.13,28.2 7 0
github.com/jberlyn/syncopation/api/admin.go:39.72,40.71 1 0
github.com/jberlyn/syncopation/api/admin.go:40.71,43.17 2 0
github.com/jberlyn/syncopation/api/admin.go:43.17,46.4 2 0
github.com/jberlyn/syncopation/api/admin.go:48.3,48.13 1 0
github.com/jberlyn/syncopation/api/admin.go:48.13,49.30 1 0
github.com/jberlyn/syncopation/api/admin.go:49.30,52.5 2 0
github.com/jberlyn/syncopation/api/admin.go:53.4,54.10 2 0
github.com/jberlyn/syncopation/api/admin.go:55.9,56.30 1 0
github.com/jberlyn/syncopation/api/admin.go:56.30,59.5 2 0
github.com/jberlyn/syncopation/api/admin.go:63.3,63.29 1 0
github.com/jberlyn/syncopation/api/admin.go:63.29,66.4 2 0
github.com/jberlyn/syncopation/api/admin.go:69.3,70.39 2 0
github.com/jberlyn/syncopation/api/admin.go:70.39,73.4 2 0
github.com/jberlyn/syncopation/api/admin.go:76.3,77.17 2 0
github.com/jberlyn/syncopation/api/admin.go:77.17,79.36 2 0
github.com/jberlyn/syncopation/api/admin.go:79.36,81.5 1 0
github.com/jberlyn/syncopation/api/admin.go:81.10,83.5 1 0
github.com/jberlyn/syncopation/api/admin.go:84.4,84.10 1 0
github.com/jberlyn/syncopation/api/admin.go:87.3,88.40 2 0
github.com/jberlyn/syncopation/api/admin.go:92.79,93.32 1 0
github.com/jberlyn/syncopation/api/admin.go:93.32,96.3 2 0
github.com/jberlyn/syncopation/api/admin.go:97.2,97.102 1 0
github.com/jberlyn/syncopation/api/admin.go:100.80,101.33 1 0
github.com/jberlyn/syncopation/api/admin.go:101.33,104.3 2 0
github.com/jberlyn/syncopation/api/admin.go:106.2,106.38 1 0
github.com/jberlyn/syncopation/api/admin.go:106.38,109.3 2 0
github.com/jberlyn/syncopation/api/admin.go:111.2,114.35 3 0
github.com/jberlyn/syncopation/api/admin.go:114.35,117.3 2 0
github.com/jberlyn/syncopation/api/admin.go:119.2,120.16 2 0
github.com/jberlyn/syncopation/api/admin.go:120.16,124.3 3 0
github.com/jberlyn/syncopation/api/admin.go:126.2,134.44 2 0
github.com/jberlyn/syncopation/api/admin.go:137.79,138.32 1 0
github.com/jberlyn/syncopation/api/admin.go:138.32,141.3 2 0
github.com/jberlyn/syncopation/api/admin.go:142.2,142.102 1 0
github.com/jberlyn/syncopation/api/admin.go:145.80,146.33 1 0
github.com/jberlyn/syncopation/api/admin.go:146.33,149.3 2 0
github.com/jberlyn/syncopation/api/admin.go:151.2,156.16 5 0
github.com/jberlyn/syncopation/api/admin.go:156.16,157.44 1 0
github.com/jberlyn/syncopation/api/admin.go:157.44,160.4 2 0
github.com/jberlyn/syncopation/api/admin.go:161.3,162.9 2 0
github.com/jberlyn/syncopation/api/admin.go:165.2,173.44 2 0
github.com/jberlyn/syncopation/api/admin.go:176.77,178.38 2 0
github.com/jberlyn/syncopation/api/admin.go:178.38,180.3 1 0
github.com/jberlyn/syncopation/api/admin.go:182.2,189.49 2 0
github.com/jberlyn/syncopation/api/admin.go:192.80,193.32 1 0
github.com/jberlyn/syncopation/api/admin.go:193.32,196.3 2 0
github.com/jberlyn/syncopation/api/admin.go:197.2,206.4 3 0
github.com/jberlyn/syncopation/api/admin.go:209.80,210.33 1 0
github.com/jberlyn/syncopation/api/admin.go:210.33,213.3 2 0
github.com/jberlyn/syncopation/api/admin.go:214.2,220.35 6 0
github.com/jberlyn/syncopation/api/admin.go:220.35,222.3 1 0
github.com/jberlyn/syncopation/api/admin.go:222.8,224.17 2 0
github.com/jberlyn/syncopation/api/admin.go:224.17,225.37 1 0
github.com/jberlyn/syncopation/api/admin.go:225.37,227.5 1 0
github.com/jberlyn/syncopation/api/admin.go:227.10,229.5 1 0
github.com/jberlyn/syncopation/api/admin.go:230.9,232.4 1 0
github.com/jberlyn/syncopation/api/admin.go:235.2,235.13 1 0
github.com/jberlyn/syncopation/api/admin.go:235.13,247.3 5 0
github.com/jberlyn/syncopation/api/admin.go:247.8,252.3 1 0
github.com/jberlyn/syncopation/api/admin.go:255.82,256.35 1 0
github.com/jberlyn/syncopation/api/admin.go:256.35,259.3 2 0
github.com/jberlyn/syncopation/api/admin.go:261.2,262.14 2 0
github.com/jberlyn/syncopation/api/admin.go:262.14,264.21 2 0
github.com/jberlyn/syncopation/api/admin.go:264.21,266.4 1 0
github.com/jberlyn/syncopation/api/admin.go:268.2,268.14 1 0
github.com/jberlyn/syncopation/api/admin.go:268.14,271.3 2 0
github.com/jberlyn/syncopation/api/admin.go:273.2,274.16 2 0
github.com/jberlyn/syncopation/api/admin.go:274.16,276.3 1 0
github.com/jberlyn/syncopation/api/admin.go:278.2,286.4 3 0
github.com/jberlyn/syncopation/api/auth.go:25.69,27.61 2 0
github.com/jberlyn/syncopation/api/auth.go:27.61,30.3 2 0
github.com/jberlyn/syncopation/api/auth.go:32.2,33.16 2 0
github.com/jberlyn/syncopation/api/auth.go:33.16,34.44 1 0
github.com/jberlyn/syncopation/api/auth.go:34.44,37.4 2 0
github.com/jberlyn/syncopation/api/auth.go:38.3,39.9 2 0
github.com/jberlyn/syncopation/api/auth.go:42.2,48.37 3 0
github.com/jberlyn/syncopation/api/auth.go:51.70,53.14 2 0
github.com/jberlyn/syncopation/api/auth.go:53.14,56.3 2 0
github.com/jberlyn/syncopation/api/auth.go:58.2,59.16 2 0
github.com/jberlyn/syncopation/api/auth.go:59.16,62.3 2 0
github.com/jberlyn/syncopation/api/auth.go:64.2,64.30 1 0
github.com/jberlyn/syncopation/api/auth.go:72.67,73.71 1 0
github.com/jberlyn/syncopation/api/auth.go:73.71,75.18 2 0
github.com/jberlyn/syncopation/api/auth.go:75.18,78.4 2 0
github.com/jberlyn/syncopation/api/auth.go:80.3,81.17 2 0
github.com/jberlyn/syncopation/api/auth.go:81.17,84.4 2 0
github.com/jberlyn/syncopation/api/auth.go:86.3,87.40 2 0
github.com/jberlyn/syncopation/api/batch_items.go:49.85,51.9 2 0
github.com/jberlyn/syncopation/api/batch_items.go:51.9,54.3 2 0
github.com/jberlyn/syncopation/api/batch_items.go:56.2,56.18 1 0
github.com/jberlyn/syncopation/api/batch_items.go:57.22,58.33 1 0
github.com/jberlyn/syncopation/api/batch_items.go:59.25,60.36 1 0
github.com/jberlyn/syncopation/api/batch_items.go:61.10,62.67 1 0
github.com/jberlyn/syncopation/api/batch_items.go:66.98,69.16 3 0
github.com/jberlyn/syncopation/api/batch_items.go:69.16,72.3 2 0
github.com/jberlyn/syncopation/api/batch_items.go:74.2,74.51 1 0
github.com/jberlyn/syncopation/api/batch_items.go:74.51,77.3 2 0
github.com/jberlyn/syncopation/api/batch_items.go:79.2,81.16 3 0
github.com/jberlyn/syncopation/api/batch_items.go:81.16,84.3 2 0
github.com/jberlyn/syncopation/api/batch_items.go:85.2,85.15 1 0
github.com/jberlyn/syncopation/api/batch_items.go:85.15,85.36 1 0
github.com/jberlyn/syncopation/api/batch_items.go:87.2,91.36 4 0
github.com/jberlyn/syncopation/api/batch_items.go:91.36,104.27 7 0
github.com/jberlyn/syncopation/api/batch_items.go:104.27,108.4 3 0
github.com/jberlyn/syncopation/api/batch_items.go:108.9,108.24 1 0
github.com/jberlyn/syncopation/api/batch_items.go:108.24,111.12 3 0
github.com/jberlyn/syncopation/api/batch_items.go:112.9,116.4 3 0
github.com/jberlyn/syncopation/api/batch_items.go:118.3,118.77 1 0
github.com/jberlyn/syncopation/api/batch_items.go:118.77,121.12 3 0
github.com/jberlyn/syncopation/api/batch_items.go:124.3,138.17 2 0
github.com/jberlyn/syncopation/api/batch_items.go:138.17,141.12 3 0
github.com/jberlyn/syncopation/api/batch_items.go:144.3,150.17 2 0
github.com/jberlyn/syncopation/api/batch_items.go:150.17,153.12 3 0
github.com/jberlyn/syncopation/api/batch_items.go:156.3,167.17 2 0
github.com/jberlyn/syncopation/api/batch_items.go:167.17,170.12 3 0
github.com/jberlyn/syncopation/api/batch_items.go:173.3,182.4 1 0
github.com/jberlyn/syncopation/api/batch_items.go:185.2,185.36 1 0
github.com/jberlyn/syncopation/api/batch_items.go:185.36,188.3 2 0
github.com/jberlyn/syncopation/api/batch_items.go:190.2,196.37 3 0
github.com/jberlyn/syncopation/api/batch_items.go:199.101,202.16 3 0
github.com/jberlyn/syncopation/api/batch_items.go:202.16,205.3 2 0
github.com/jberlyn/syncopation/api/batch_items.go:207.2,207.51 1 0
github.com/jberlyn/syncopation/api/batch_items.go:207.51,210.3 2 0
github.com/jberlyn/syncopation/api/batch_items.go:212.2,214.16 3 0
github.com/jberlyn/syncopation/api/batch_items.go:214.16,217.3 2 0
github.com/jberlyn/syncopation/api/batch_items.go:218.2,218.15 1 0
github.com/jberlyn/syncopation/api/batch_items.go:218.15,218.36 1 0
github.com/jberlyn/syncopation/api/batch_items.go:220.2,224.37 4 0
github.com/jberlyn/syncopation/api/batch_items.go:224.37,229.17 2 0
github.com/jberlyn/syncopation/api/batch_items.go:229.17,230.28 1 0
github.com/jberlyn/syncopation/api/batch_items.go:230.28,232.13 2 0
github.com/jberlyn/syncopation/api/batch_items.go:235.4,235.12 1 0
github.com/jberlyn/syncopation/api/batch_items.go:238.3,242.17 2 0
github.com/jberlyn/syncopation/api/batch_items.go:242.17,243.12 1 0
github.com/jberlyn/syncopation/api/batch_items.go:246.3,250.17 2 0
github.com/jberlyn/syncopation/api/batch_items.go:250.17,251.12 1 0
github.com/jberlyn/syncopation/api/batch_items.go:254.3,265.17 2 0
github.com/jberlyn/syncopation/api/batch_items.go:265.17,266.12 1 0
github.com/jberlyn/syncopation/api/batch_items.go:269.3,271.33 2 0
github.com/jberlyn/syncopation/api/batch_items.go:274.2,274.36 1 0
github.com/jberlyn/syncopation/api/batch_items.go:274.36,277.3 2 0
github.com/jberlyn/syncopation/api/batch_items.go:279.2,285.37 3 0
github.com/jberlyn/syncopation/api/items.go:40.53,41.47 1 0
github.com/jberlyn/syncopation/api/items.go:41.47,43.43 2 0
github.com/jberlyn/syncopation/api/items.go:43.43,45.4 1 0
github.com/jberlyn/syncopation/api/items.go:46.3,46.41 1 0
github.com/jberlyn/syncopation/api/items.go:46.41,48.4 1 0
github.com/jberlyn/syncopation/api/items.go:49.3,49.45 1 0
github.com/jberlyn/syncopation/api/items.go:49.45,54.4 3 0
github.com/jberlyn/syncopation/api/items.go:55.3,55.35 1 0
github.com/jberlyn/syncopation/api/items.go:55.35,57.4 1 0
github.com/jberlyn/syncopation/api/items.go:58.8,58.54 1 0
github.com/jberlyn/syncopation/api/items.go:58.54,60.23 2 0
github.com/jberlyn/syncopation/api/items.go:60.23,62.4 1 0
github.com/jberlyn/syncopation/api/items.go:63.3,63.54 1 0
github.com/jberlyn/syncopation/api/items.go:63.54,65.4 1 0
github.com/jberlyn/syncopation/api/items.go:66.3,66.17 1 0
github.com/jberlyn/syncopation/api/items.go:66.17,68.4 1 0
github.com/jberlyn/syncopation/api/items.go:70.2,70.22 1 0
github.com/jberlyn/syncopation/api/items.go:73.75,75.9 2 0
github.com/jberlyn/syncopation/api/items.go:75.9,78.3 2 0
github.com/jberlyn/syncopation/api/items.go:80.2,81.12 2 0
github.com/jberlyn/syncopation/api/items.go:81.12,84.3 2 0
github.com/jberlyn/syncopation/api/items.go:86.2,86.18 1 0
github.com/jberlyn/syncopation/api/items.go:87.22,88.26 1 0
github.com/jberlyn/syncopation/api/items.go:88.26,90.4 1 0
github.com/jberlyn/syncopation/api/items.go:90.9,90.31 1 0
github.com/jberlyn/syncopation/api/items.go:90.31,92.4 1 0
github.com/jberlyn/syncopation/api/items.go:92.9,92.34 1 0
github.com/jberlyn/syncopation/api/items.go:92.34,94.4 1 0
github.com/jberlyn/syncopation/api/items.go:94.9,96.4 1 0
github.com/jberlyn/syncopation/api/items.go:97.22,98.26 1 0
github.com/jberlyn/syncopation/api/items.go:98.26,101.4 2 0
github.com/jberlyn/syncopation/api/items.go:102.3,102.45 1 0
github.com/jberlyn/syncopation/api/items.go:103.25,104.23 1 0
github.com/jberlyn/syncopation/api/items.go:104.23,107.4 2 0
github.com/jberlyn/syncopation/api/items.go:108.3,108.41 1 0
github.com/jberlyn/syncopation/api/items.go:109.10,110.67 1 0
github.com/jberlyn/syncopation/api/items.go:114.102,116.16 2 0
github.com/jberlyn/syncopation/api/items.go:116.16,117.27 1 0
github.com/jberlyn/syncopation/api/items.go:117.27,120.4 2 0
github.com/jberlyn/syncopation/api/items.go:121.3,122.9 2 0
github.com/jberlyn/syncopation/api/items.go:125.2,134.37 3 0
github.com/jberlyn/syncopation/api/items.go:137.105,139.16 2 0
github.com/jberlyn/syncopation/api/items.go:139.16,140.27 1 0
github.com/jberlyn/syncopation/api/items.go:140.27,143.4 2 0
github.com/jberlyn/syncopation/api/items.go:144.3,145.9 2 0
github.com/jberlyn/syncopation/api/items.go:148.2,149.25 2 0
github.com/jberlyn/syncopation/api/items.go:152.93,155.21 3 0
github.com/jberlyn/syncopation/api/items.go:155.21,157.17 2 0
github.com/jberlyn/syncopation/api/items.go:157.17,159.4 1 0
github.com/jberlyn/syncopation/api/items.go:162.2,165.16 3 0
github.com/jberlyn/syncopation/api/items.go:165.16,168.3 2 0
github.com/jberlyn/syncopation/api/items.go:170.2,171.28 2 0
github.com/jberlyn/syncopation/api/items.go:171.28,179.3 2 0
github.com/jberlyn/syncopation/api/items.go:181.2,188.37 3 0
github.com/jberlyn/syncopation/api/items.go:191.96,194.21 3 0
github.com/jberlyn/syncopation/api/items.go:194.21,196.17 2 0
github.com/jberlyn/syncopation/api/items.go:196.17,198.4 1 0
github.com/jberlyn/syncopation/api/items.go:201.2,204.16 3 0
github.com/jberlyn/syncopation/api/items.go:204.16,207.3 2 0
github.com/jberlyn/syncopation/api/items.go:209.2,210.29 2 0
github.com/jberlyn/syncopation/api/items.go:210.29,218.3 1 0
github.com/jberlyn/syncopation/api/items.go:220.2,231.37 3 0
github.com/jberlyn/syncopation/api/items.go:234.105,236.16 2 0
github.com/jberlyn/syncopation/api/items.go:236.16,239.3 2 0
github.com/jberlyn/syncopation/api/items.go:241.2,242.23 2 0
github.com/jberlyn/syncopation/api/items.go:242.23,244.3 1 0
github.com/jberlyn/syncopation/api/items.go:246.2,247.16 2 0
github.com/jberlyn/syncopation/api/items.go:247.16,250.3 2 0
github.com/jberlyn/syncopation/api/items.go:252.2,261.37 3 0
github.com/jberlyn/syncopation/api/items.go:264.101,266.16 2 0
github.com/jberlyn/syncopation/api/items.go:266.16,269.3 2 0
github.com/jberlyn/syncopation/api/items.go:271.2,271.30 1 0
github.com/jberlyn/syncopation/api/locks.go:46.43,48.2 1 0
github.com/jberlyn/syncopation/api/locks.go:50.79,55.66 3 0
github.com/jberlyn/syncopation/api/locks.go:55.66,57.41 2 0
github.com/jberlyn/syncopation/api/locks.go:57.41,59.4 1 0
github.com/jberlyn/syncopation/api/locks.go:61.3,61.31 1 0
github.com/jberlyn/syncopation/api/locks.go:61.31,63.70 2 0
github.com/jberlyn/syncopation/api/locks.go:63.70,64.13 1 0
github.com/jberlyn/syncopation/api/locks.go:68.4,69.28 2 0
github.com/jberlyn/syncopation/api/locks.go:69.28,72.13 2 0
github.com/jberlyn/syncopation/api/locks.go:74.4,74.43 1 0
github.com/jberlyn/syncopation/api/locks.go:78.2,78.25 1 0
github.com/jberlyn/syncopation/api/locks.go:81.75,83.61 2 0
github.com/jberlyn/syncopation/api/locks.go:83.61,86.3 2 0
github.com/jberlyn/syncopation/api/locks.go:88.2,92.16 3 0
github.com/jberlyn/syncopation/api/locks.go:92.16,96.3 3 0
github.com/jberlyn/syncopation/api/locks.go:99.2,100.32 2 0
github.com/jberlyn/syncopation/api/locks.go:100.32,101.64 1 0
github.com/jberlyn/syncopation/api/locks.go:101.64,103.9 2 0
github.com/jberlyn/syncopation/api/locks.go:107.2,107.35 1 0
github.com/jberlyn/syncopation/api/locks.go:107.35,110.33 2 0
github.com/jberlyn/syncopation/api/locks.go:110.33,111.34 1 0
github.com/jberlyn/syncopation/api/locks.go:111.34,113.10 2 0
github.com/jberlyn/syncopation/api/locks.go:116.3,116.20 1 0
github.com/jberlyn/syncopation/api/locks.go:116.20,119.4 2 0
github.com/jberlyn/syncopation/api/locks.go:120.8,120.37 1 0
github.com/jberlyn/syncopation/api/locks.go:120.37,122.23 1 0
github.com/jberlyn/syncopation/api/locks.go:122.23,125.4 2 0
github.com/jberlyn/syncopation/api/locks.go:126.8,129.3 2 0
github.com/jberlyn/syncopation/api/locks.go:132.2,147.16 5 0
github.com/jberlyn/syncopation/api/locks.go:147.16,150.3 2 0
github.com/jberlyn/syncopation/api/locks.go:152.2,153.41 2 0
github.com/jberlyn/syncopation/api/locks.go:156.75,160.14 2 0
github.com/jberlyn/syncopation/api/locks.go:160.14,163.3 2 0
github.com/jberlyn/syncopation/api/locks.go:165.2,167.16 3 0
github.com/jberlyn/syncopation/api/locks.go:167.16,170.3 2 0
github.com/jberlyn/syncopation/api/locks.go:172.2,172.30 1 0
github.com/jberlyn/syncopation/api/locks.go:175.73,177.16 2 0
github.com/jberlyn/syncopation/api/locks.go:177.16,180.3 2 0
github.com/jberlyn/syncopation/api/locks.go:183.2,183.24 1 0
github.com/jberlyn/syncopation/api/locks.go:183.24,185.3 1 0
github.com/jberlyn/syncopation/api/locks.go:187.2,193.37 3 0
github.com/jberlyn/syncopation/api/middleware.go:15.56,18.2 2 0
github.com/jberlyn/syncopation/api/middleware.go:22.56,23.71 1 0
github.com/jberlyn/syncopation/api/middleware.go:23.71,33.49 6 0
github.com/jberlyn/syncopation/api/middleware.go:33.49,35.4 1 0
github.com/jberlyn/syncopation/api/middleware.go:36.3,36.46 1 0
github.com/jberlyn/syncopation/api/middleware.go:36.46,38.4 1 0
github.com/jberlyn/syncopation/api/middleware.go:40.3,46.4 1 0
github.com/jberlyn/syncopation/config/config.go:16.27,18.40 1 1
github.com/jberlyn/syncopation/config/config.go:18.40,20.3 1 1
github.com/jberlyn/syncopation/config/config.go:22.2,23.16 2 1
github.com/jberlyn/syncopation/config/config.go:23.16,25.3 1 1
github.com/jberlyn/syncopation/config/config.go:27.2,28.18 2 1
github.com/jberlyn/syncopation/config/config.go:28.18,30.3 1 1
github.com/jberlyn/syncopation/config/config.go:32.2,33.23 2 1
github.com/jberlyn/syncopation/config/config.go:33.23,35.3 1 1
github.com/jberlyn/syncopation/config/config.go:37.2,41.3 1 1
github.com/jberlyn/syncopation/db/db.go:19.28,21.2 1 0
github.com/jberlyn/syncopation/db/db.go:27.47,31.2 1 0
github.com/jberlyn/syncopation/db/queries.sql.go:16.66,21.2 4 0
github.com/jberlyn/syncopation/db/queries.sql.go:40.96,57.2 4 0
github.com/jberlyn/syncopation/db/queries.sql.go:76.90,93.2 4 0
github.com/jberlyn/syncopation/db/queries.sql.go:113.87,132.2 4 0
github.com/jberlyn/syncopation/db/queries.sql.go:151.102,169.2 4 0
github.com/jberlyn/syncopation/db/queries.sql.go:176.71,179.2 2 0
github.com/jberlyn/syncopation/db/queries.sql.go:193.121,196.2 2 0
github.com/jberlyn/syncopation/db/queries.sql.go:203.77,206.2 2 0
github.com/jberlyn/syncopation/db/queries.sql.go:213.68,216.2 2 0
github.com/jberlyn/syncopation/db/queries.sql.go:228.95,231.2 2 0
github.com/jberlyn/syncopation/db/queries.sql.go:246.115,248.16 2 0
github.com/jberlyn/syncopation/db/queries.sql.go:248.16,250.3 1 0
github.com/jberlyn/syncopation/db/queries.sql.go:251.2,253.18 3 0
github.com/jberlyn/syncopation/db/queries.sql.go:253.18,266.17 2 0
github.com/jberlyn/syncopation/db/queries.sql.go:266.17,268.4 1 0
github.com/jberlyn/syncopation/db/queries.sql.go:269.3,269.27 1 0
github.com/jberlyn/syncopation/db/queries.sql.go:271.2,271.37 1 0
github.com/jberlyn/syncopation/db/queries.sql.go:271.37,273.3 1 0
github.com/jberlyn/syncopation/db/queries.sql.go:274.2,274.35 1 0
github.com/jberlyn/syncopation/db/queries.sql.go:274.35,276.3 1 0
github.com/jberlyn/syncopation/db/queries.sql.go:277.2,277.19 1 0
github.com/jberlyn/syncopation/db/queries.sql.go:291.86,296.2 4 0
github.com/jberlyn/syncopation/db/queries.sql.go:303.79,314.2 4 0
github.com/jberlyn/syncopation/db/queries.sql.go:328.127,346.2 4 0
github.com/jberlyn/syncopation/db/queries.sql.go:353.86,363.2 4 0
github.com/jberlyn/syncopation/db/queries.sql.go:370.73,382.2 4 0
github.com/jberlyn/syncopation/db/queries.sql.go:389.83,401.2 4 0
github.com/jberlyn/syncopation/db/queries.sql.go:424.80,426.16 2 0
github.com/jberlyn/syncopation/db/queries.sql.go:426.16,428.3 1 0
github.com/jberlyn/syncopation/db/queries.sql.go:429.2,431.18 3 0
github.com/jberlyn/syncopation/db/queries.sql.go:431.18,439.17 2 0
github.com/jberlyn/syncopation/db/queries.sql.go:439.17,441.4 1 0
github.com/jberlyn/syncopation/db/queries.sql.go:442.3,442.27 1 0
github.com/jberlyn/syncopation/db/queries.sql.go:444.2,444.37 1 0
github.com/jberlyn/syncopation/db/queries.sql.go:444.37,446.3 1 0
github.com/jberlyn/syncopation/db/queries.sql.go:447.2,447.35 1 0
github.com/jberlyn/syncopation/db/queries.sql.go:447.35,449.3 1 0
github.com/jberlyn/syncopation/db/queries.sql.go:450.2,450.19 1 0
github.com/jberlyn/syncopation/db/queries.sql.go:474.105,500.2 4 0
github.com/jberlyn/syncopation/db/queries.sql.go:528.129,531.2 2 0
github.com/jberlyn/syncopation/db/queries.sql.go:547.111,549.16 2 0
github.com/jberlyn/syncopation/db/queries.sql.go:549.16,551.3 1 0
github.com/jberlyn/syncopation/db/queries.sql.go:552.2,554.18 3 0
github.com/jberlyn/syncopation/db/queries.sql.go:554.18,569.17 2 0
github.com/jberlyn/syncopation/db/queries.sql.go:569.17,571.4 1 0
github.com/jberlyn/syncopation/db/queries.sql.go:572.3,572.27 1 0
github.com/jberlyn/syncopation/db/queries.sql.go:574.2,574.37 1 0
github.com/jberlyn/syncopation/db/queries.sql.go:574.37,576.3 1 0
github.com/jberlyn/syncopation/db/queries.sql.go:577.2,577.35 1 0
github.com/jberlyn/syncopation/db/queries.sql.go:577.35,579.3 1 0
github.com/jberlyn/syncopation/db/queries.sql.go:580.2,580.19 1 0
github.com/jberlyn/syncopation/db/queries.sql.go:588.96,590.16 2 0
github.com/jberlyn/syncopation/db/queries.sql.go:590.16,592.3 1 0
github.com/jberlyn/syncopation/db/queries.sql.go:593.2,595.18 3 0
github.com/jberlyn/syncopation/db/queries.sql.go:595.18,602.17 2 0
github.com/jberlyn/syncopation/db/queries.sql.go:602.17,604.4 1 0
github.com/jberlyn/syncopation/db/queries.sql.go:605.3,605.27 1 0
github.com/jberlyn/syncopation/db/queries.sql.go:607.2,607.37 1 0
github.com/jberlyn/syncopation/db/queries.sql.go:607.37,609.3 1 0
github.com/jberlyn/syncopation/db/queries.sql.go:610.2,610.35 1 0
github.com/jberlyn/syncopation/db/queries.sql.go:610.35,612.3 1 0
github.com/jberlyn/syncopation/db/queries.sql.go:613.2,613.19 1 0
github.com/jberlyn/syncopation/db/queries.sql.go:621.66,623.16 2 0
github.com/jberlyn/syncopation/db/queries.sql.go:623.16,625.3 1 0
github.com/jberlyn/syncopation/db/queries.sql.go:626.2,628.18 3 0
github.com/jberlyn/syncopation/db/queries.sql.go:628.18,637.17 2 0
github.com/jberlyn/syncopation/db/queries.sql.go:637.17,639.4 1 0
github.com/jberlyn/syncopation/db/queries.sql.go:640.3,640.27 1 0
github.com/jberlyn/syncopation/db/queries.sql.go:642.2,642.37 1 0
github.com/jberlyn/syncopation/db/queries.sql.go:642.37,644.3 1 0
github.com/jberlyn/syncopation/db/queries.sql.go:645.2,645.35 1 0
github.com/jberlyn/syncopation/db/queries.sql.go:645.35,647.3 1 0
github.com/jberlyn/syncopation/db/queries.sql.go:648.2,648.19 1 0
github.com/jberlyn/syncopation/db/queries.sql.go:669.93,679.2 4 0
github.com/jberlyn/syncopation/db/queries.sql.go:718.99,749.2 4 0
github.com/jberlyn/syncopation/db/queries.sql.go:769.111,785.2 4 0
github.com/jberlyn/syncopation/services/admin_service.go:26.78,31.2 1 0
github.com/jberlyn/syncopation/services/admin_service.go:33.76,35.16 2 0
github.com/jberlyn/syncopation/services/admin_service.go:35.16,37.3 1 0
github.com/jberlyn/syncopation/services/admin_service.go:38.2,38.24 1 0
github.com/jberlyn/syncopation/services/admin_service.go:41.102,43.16 2 0
github.com/jberlyn/syncopation/services/admin_service.go:43.16,45.3 1 0
github.com/jberlyn/syncopation/services/admin_service.go:47.2,48.37 2 0
github.com/jberlyn/syncopation/services/admin_service.go:48.37,50.3 1 0
github.com/jberlyn/syncopation/services/admin_service.go:52.2,52.19 1 0
github.com/jberlyn/syncopation/services/admin_service.go:55.101,57.16 2 0
github.com/jberlyn/syncopation/services/admin_service.go:57.16,59.3 1 0
github.com/jberlyn/syncopation/services/admin_service.go:61.2,72.16 4 0
github.com/jberlyn/syncopation/services/admin_service.go:72.16,74.3 1 0
github.com/jberlyn/syncopation/services/admin_service.go:76.2,84.16 3 0
github.com/jberlyn/syncopation/services/admin_service.go:84.16,86.3 1 0
github.com/jberlyn/syncopation/services/admin_service.go:88.2,88.23 1 0
github.com/jberlyn/syncopation/services/admin_service.go:91.96,93.37 2 0
github.com/jberlyn/syncopation/services/admin_service.go:93.37,95.3 1 0
github.com/jberlyn/syncopation/services/admin_service.go:97.2,97.99 1 0
github.com/jberlyn/syncopation/services/admin_service.go:97.99,99.3 1 0
github.com/jberlyn/syncopation/services/admin_service.go:101.2,110.16 4 0
github.com/jberlyn/syncopation/services/admin_service.go:110.16,112.3 1 0
github.com/jberlyn/syncopation/services/admin_service.go:114.2,114.23 1 0
github.com/jberlyn/syncopation/services/admin_service.go:117.81,119.2 1 0
github.com/jberlyn/syncopation/services/admin_service.go:121.117,123.16 2 0
github.com/jberlyn/syncopation/services/admin_service.go:123.16,125.3 1 0
github.com/jberlyn/syncopation/services/admin_service.go:126.2,127.16 2 0
github.com/jberlyn/syncopation/services/admin_service.go:127.16,129.3 1 0
github.com/jberlyn/syncopation/services/admin_service.go:130.2,130.30 1 0
github.com/jberlyn/syncopation/services/admin_service.go:133.86,135.16 2 0
github.com/jberlyn/syncopation/services/admin_service.go:135.16,137.3 1 0
github.com/jberlyn/syncopation/services/admin_service.go:139.2,140.16 2 0
github.com/jberlyn/syncopation/services/admin_service.go:140.16,142.3 1 0
github.com/jberlyn/syncopation/services/admin_service.go:144.2,153.12 3 0
github.com/jberlyn/syncopation/services/admin_service.go:156.77,158.16 2 0
github.com/jberlyn/syncopation/services/admin_service.go:158.16,160.3 1 0
github.com/jberlyn/syncopation/services/admin_service.go:161.2,161.23 1 0
github.com/jberlyn/syncopation/services/admin_service.go:161.23,163.3 1 0
github.com/jberlyn/syncopation/services/admin_service.go:165.2,171.16 3 0
github.com/jberlyn/syncopation/services/admin_service.go:171.16,173.3 1 0
github.com/jberlyn/syncopation/services/admin_service.go:175.2,176.16 2 0
github.com/jberlyn/syncopation/services/admin_service.go:176.16,178.3 1 0
github.com/jberlyn/syncopation/services/admin_service.go:180.2,180.22 1 0
github.com/jberlyn/syncopation/services/admin_service.go:180.22,182.3 1 0
github.com/jberlyn/syncopation/services/admin_service.go:184.2,184.12 1 0
github.com/jberlyn/syncopation/services/auth_service.go:20.51,24.2 1 0
github.com/jberlyn/syncopation/services/auth_service.go:26.95,28.16 2 0
github.com/jberlyn/syncopation/services/auth_service.go:28.16,30.3 1 0
github.com/jberlyn/syncopation/services/auth_service.go:32.2,32.99 1 0
github.com/jberlyn/syncopation/services/auth_service.go:32.99,34.3 1 0
github.com/jberlyn/syncopation/services/auth_service.go:37.2,47.16 4 0
github.com/jberlyn/syncopation/services/auth_service.go:47.16,49.3 1 0
github.com/jberlyn/syncopation/services/auth_service.go:51.2,51.22 1 0
github.com/jberlyn/syncopation/services/auth_service.go:54.75,56.2 1 0
github.com/jberlyn/syncopation/services/auth_service.go:58.99,60.16 2 0
github.com/jberlyn/syncopation/services/auth_service.go:60.16,62.3 1 0
github.com/jberlyn/syncopation/services/auth_service.go:63.2,63.22 1 0
github.com/jberlyn/syncopation/services/item_service.go:18.76,23.2 1 0
github.com/jberlyn/syncopation/services/item_service.go:25.99,30.16 2 0
github.com/jberlyn/syncopation/services/item_service.go:30.16,32.3 1 0
github.com/jberlyn/syncopation/services/item_service.go:33.2,33.19 1 0
github.com/jberlyn/syncopation/services/item_service.go:36.110,41.16 2 0
github.com/jberlyn/syncopation/services/item_service.go:41.16,43.3 1 0
github.com/jberlyn/syncopation/services/item_service.go:45.2,46.16 2 0
github.com/jberlyn/syncopation/services/item_service.go:46.16,48.3 1 0
github.com/jberlyn/syncopation/services/item_service.go:50.2,50.28 1 0
github.com/jberlyn/syncopation/services/item_service.go:53.133,59.16 2 0
github.com/jberlyn/syncopation/services/item_service.go:59.16,61.3 1 0
github.com/jberlyn/syncopation/services/item_service.go:63.2,64.31 2 0
github.com/jberlyn/syncopation/services/item_service.go:64.31,67.3 2 0
github.com/jberlyn/syncopation/services/item_service.go:69.2,70.22 2 0
github.com/jberlyn/syncopation/services/item_service.go:70.22,72.3 1 0
github.com/jberlyn/syncopation/services/item_service.go:74.2,74.42 1 0
github.com/jberlyn/syncopation/services/item_service.go:77.134,83.16 2 0
github.com/jberlyn/syncopation/services/item_service.go:83.16,85.3 1 0
github.com/jberlyn/syncopation/services/item_service.go:87.2,88.29 2 0
github.com/jberlyn/syncopation/services/item_service.go:88.29,91.3 2 0
github.com/jberlyn/syncopation/services/item_service.go:93.2,93.44 1 0
github.com/jberlyn/syncopation/services/item_service.go:96.138,108.26 6 0
github.com/jberlyn/syncopation/services/item_service.go:108.26,112.3 3 0
github.com/jberlyn/syncopation/services/item_service.go:112.8,112.23 1 0
github.com/jberlyn/syncopation/services/item_service.go:112.23,114.3 1 0
github.com/jberlyn/syncopation/services/item_service.go:114.8,118.3 3 0
github.com/jberlyn/syncopation/services/item_service.go:120.2,120.76 1 0
github.com/jberlyn/syncopation/services/item_service.go:120.76,122.3 1 0
github.com/jberlyn/syncopation/services/item_service.go:124.2,138.16 2 0
github.com/jberlyn/syncopation/services/item_service.go:138.16,140.3 1 0
github.com/jberlyn/syncopation/services/item_service.go:142.2,148.16 2 0
github.com/jberlyn/syncopation/services/item_service.go:148.16,150.3 1 0
github.com/jberlyn/syncopation/services/item_service.go:152.2,163.16 2 0
github.com/jberlyn/syncopation/services/item_service.go:163.16,165.3 1 0
github.com/jberlyn/syncopation/services/item_service.go:167.2,167.19 1 0
github.com/jberlyn/syncopation/services/item_service.go:170.86,175.16 2 0
github.com/jberlyn/syncopation/services/item_service.go:175.16,176.27 1 0
github.com/jberlyn/syncopation/services/item_service.go:176.27,178.4 1 0
github.com/jberlyn/syncopation/services/item_service.go:179.3,179.13 1 0
github.com/jberlyn/syncopation/services/item_service.go:182.2,186.16 2 0
github.com/jberlyn/syncopation/services/item_service.go:186.16,188.3 1 0
github.com/jberlyn/syncopation/services/item_service.go:190.2,194.16 2 0
github.com/jberlyn/syncopation/services/item_service.go:194.16,196.3 1 0
github.com/jberlyn/syncopation/services/item_service.go:198.2,210.16 3 0
github.com/jberlyn/syncopation/services/item_service.go:210.16,212.3 1 0
github.com/jberlyn/syncopation/services/item_service.go:214.2,214.52 1 0
github.com/jberlyn/syncopation/storage/local_fs.go:13.42,15.2 1 0
github.com/jberlyn/syncopation/storage/local_fs.go:17.50,19.2 1 0
github.com/jberlyn/syncopation/storage/local_fs.go:21.61,23.2 1 0
github.com/jberlyn/syncopation/storage/local_fs.go:25.91,27.2 1 0
github.com/jberlyn/syncopation/storage/local_fs.go:29.98,32.47 3 0
github.com/jberlyn/syncopation/storage/local_fs.go:32.47,34.3 1 0
github.com/jberlyn/syncopation/storage/local_fs.go:35.2,35.46 1 0
github.com/jberlyn/syncopation/storage/local_fs.go:38.83,40.24 2 0
github.com/jberlyn/syncopation/storage/local_fs.go:40.24,42.3 1 0
github.com/jberlyn/syncopation/storage/local_fs.go:43.2,43.12 1 0
github.com/jberlyn/syncopation/storage/local_fs.go:46.73,48.2 1 0
github.com/jberlyn/syncopation/main.go:27.13,40.68 8 0
github.com/jberlyn/syncopation/main.go:40.68,43.3 2 0
github.com/jberlyn/syncopation/main.go:46.2,47.16 2 0
github.com/jberlyn/syncopation/main.go:47.16,50.3 2 0
github.com/jberlyn/syncopation/main.go:51.2,55.16 3 0
github.com/jberlyn/syncopation/main.go:55.16,58.3 2 0
github.com/jberlyn/syncopation/main.go:59.2,59.55 1 0
github.com/jberlyn/syncopation/main.go:59.55,62.3 1 0
github.com/jberlyn/syncopation/main.go:64.2,67.15 3 0
github.com/jberlyn/syncopation/main.go:67.15,70.3 2 0
github.com/jberlyn/syncopation/main.go:72.2,79.69 4 0
github.com/jberlyn/syncopation/main.go:79.69,82.3 2 0
github.com/jberlyn/syncopation/main.go:85.93,93.81 4 0
github.com/jberlyn/syncopation/main.go:93.81,96.3 2 0
github.com/jberlyn/syncopation/main.go:98.2,130.12 22 0
github.com/jberlyn/syncopation/main.go:133.60,138.41 3 0
github.com/jberlyn/syncopation/main.go:138.41,141.3 2 0
github.com/jberlyn/syncopation/main.go:143.2,144.16 2 0
github.com/jberlyn/syncopation/main.go:144.16,147.3 2 0
github.com/jberlyn/syncopation/main.go:149.2,160.16 4 0
github.com/jberlyn/syncopation/main.go:160.16,163.3 2 0
github.com/jberlyn/syncopation/main.go:165.2,165.83 1 0
github.com/jberlyn/syncopation/api/admin.go:20.13,28.2 7 0
github.com/jberlyn/syncopation/api/admin.go:39.72,40.71 1 0
github.com/jberlyn/syncopation/api/admin.go:40.71,43.17 2 0
github.com/jberlyn/syncopation/api/admin.go:43.17,46.4 2 0
github.com/jberlyn/syncopation/api/admin.go:48.3,48.13 1 0
github.com/jberlyn/syncopation/api/admin.go:48.13,49.30 1 0
github.com/jberlyn/syncopation/api/admin.go:49.30,52.5 2 0
github.com/jberlyn/syncopation/api/admin.go:53.4,54.10 2 0
github.com/jberlyn/syncopation/api/admin.go:55.9,56.30 1 0
github.com/jberlyn/syncopation/api/admin.go:56.30,59.5 2 0
github.com/jberlyn/syncopation/api/admin.go:63.3,63.29 1 0
github.com/jberlyn/syncopation/api/admin.go:63.29,66.4 2 0
github.com/jberlyn/syncopation/api/admin.go:69.3,70.39 2 0
github.com/jberlyn/syncopation/api/admin.go:70.39,73.4 2 0
github.com/jberlyn/syncopation/api/admin.go:76.3,77.17 2 0
github.com/jberlyn/syncopation/api/admin.go:77.17,79.36 2 0
github.com/jberlyn/syncopation/api/admin.go:79.36,81.5 1 0
github.com/jberlyn/syncopation/api/admin.go:81.10,83.5 1 0
github.com/jberlyn/syncopation/api/admin.go:84.4,84.10 1 0
github.com/jberlyn/syncopation/api/admin.go:87.3,88.40 2 0
github.com/jberlyn/syncopation/api/admin.go:92.79,93.32 1 0
github.com/jberlyn/syncopation/api/admin.go:93.32,96.3 2 0
github.com/jberlyn/syncopation/api/admin.go:97.2,97.102 1 0
github.com/jberlyn/syncopation/api/admin.go:100.80,101.33 1 0
github.com/jberlyn/syncopation/api/admin.go:101.33,104.3 2 0
github.com/jberlyn/syncopation/api/admin.go:106.2,106.38 1 0
github.com/jberlyn/syncopation/api/admin.go:106.38,109.3 2 0
github.com/jberlyn/syncopation/api/admin.go:111.2,114.35 3 0
github.com/jberlyn/syncopation/api/admin.go:114.35,117.3 2 0
github.com/jberlyn/syncopation/api/admin.go:119.2,120.16 2 0
github.com/jberlyn/syncopation/api/admin.go:120.16,124.3 3 0
github.com/jberlyn/syncopation/api/admin.go:126.2,134.44 2 0
github.com/jberlyn/syncopation/api/admin.go:137.79,138.32 1 0
github.com/jberlyn/syncopation/api/admin.go:138.32,141.3 2 0
github.com/jberlyn/syncopation/api/admin.go:142.2,142.102 1 0
github.com/jberlyn/syncopation/api/admin.go:145.80,146.33 1 0
github.com/jberlyn/syncopation/api/admin.go:146.33,149.3 2 0
github.com/jberlyn/syncopation/api/admin.go:151.2,156.16 5 0
github.com/jberlyn/syncopation/api/admin.go:156.16,157.44 1 0
github.com/jberlyn/syncopation/api/admin.go:157.44,160.4 2 0
github.com/jberlyn/syncopation/api/admin.go:161.3,162.9 2 0
github.com/jberlyn/syncopation/api/admin.go:165.2,173.44 2 0
github.com/jberlyn/syncopation/api/admin.go:176.77,178.38 2 0
github.com/jberlyn/syncopation/api/admin.go:178.38,180.3 1 0
github.com/jberlyn/syncopation/api/admin.go:182.2,189.49 2 0
github.com/jberlyn/syncopation/api/admin.go:192.80,193.32 1 0
github.com/jberlyn/syncopation/api/admin.go:193.32,196.3 2 0
github.com/jberlyn/syncopation/api/admin.go:197.2,206.4 3 0
github.com/jberlyn/syncopation/api/admin.go:209.80,210.33 1 0
github.com/jberlyn/syncopation/api/admin.go:210.33,213.3 2 0
github.com/jberlyn/syncopation/api/admin.go:214.2,220.35 6 0
github.com/jberlyn/syncopation/api/admin.go:220.35,222.3 1 0
github.com/jberlyn/syncopation/api/admin.go:222.8,224.17 2 0
github.com/jberlyn/syncopation/api/admin.go:224.17,225.37 1 0
github.com/jberlyn/syncopation/api/admin.go:225.37,227.5 1 0
github.com/jberlyn/syncopation/api/admin.go:227.10,229.5 1 0
github.com/jberlyn/syncopation/api/admin.go:230.9,232.4 1 0
github.com/jberlyn/syncopation/api/admin.go:235.2,235.13 1 0
github.com/jberlyn/syncopation/api/admin.go:235.13,247.3 5 0
github.com/jberlyn/syncopation/api/admin.go:247.8,252.3 1 0
github.com/jberlyn/syncopation/api/admin.go:255.82,256.35 1 0
github.com/jberlyn/syncopation/api/admin.go:256.35,259.3 2 0
github.com/jberlyn/syncopation/api/admin.go:261.2,262.14 2 0
github.com/jberlyn/syncopation/api/admin.go:262.14,264.21 2 0
github.com/jberlyn/syncopation/api/admin.go:264.21,266.4 1 0
github.com/jberlyn/syncopation/api/admin.go:268.2,268.14 1 0
github.com/jberlyn/syncopation/api/admin.go:268.14,271.3 2 0
github.com/jberlyn/syncopation/api/admin.go:273.2,274.16 2 0
github.com/jberlyn/syncopation/api/admin.go:274.16,276.3 1 0
github.com/jberlyn/syncopation/api/admin.go:278.2,286.4 3 0
github.com/jberlyn/syncopation/api/auth.go:25.69,27.61 2 0
github.com/jberlyn/syncopation/api/auth.go:27.61,30.3 2 0
github.com/jberlyn/syncopation/api/auth.go:32.2,33.16 2 0
github.com/jberlyn/syncopation/api/auth.go:33.16,34.44 1 0
github.com/jberlyn/syncopation/api/auth.go:34.44,37.4 2 0
github.com/jberlyn/syncopation/api/auth.go:38.3,39.9 2 0
github.com/jberlyn/syncopation/api/auth.go:42.2,48.37 3 0
github.com/jberlyn/syncopation/api/auth.go:51.70,53.14 2 0
github.com/jberlyn/syncopation/api/auth.go:53.14,56.3 2 0
github.com/jberlyn/syncopation/api/auth.go:58.2,59.16 2 0
github.com/jberlyn/syncopation/api/auth.go:59.16,62.3 2 0
github.com/jberlyn/syncopation/api/auth.go:64.2,64.30 1 0
github.com/jberlyn/syncopation/api/auth.go:72.67,73.71 1 0
github.com/jberlyn/syncopation/api/auth.go:73.71,75.18 2 0
github.com/jberlyn/syncopation/api/auth.go:75.18,78.4 2 0
github.com/jberlyn/syncopation/api/auth.go:80.3,81.17 2 0
github.com/jberlyn/syncopation/api/auth.go:81.17,84.4 2 0
github.com/jberlyn/syncopation/api/auth.go:86.3,87.40 2 0
github.com/jberlyn/syncopation/api/batch_items.go:49.85,51.9 2 0
github.com/jberlyn/syncopation/api/batch_items.go:51.9,54.3 2 0
github.com/jberlyn/syncopation/api/batch_items.go:56.2,56.18 1 0
github.com/jberlyn/syncopation/api/batch_items.go:57.22,58.33 1 0
github.com/jberlyn/syncopation/api/batch_items.go:59.25,60.36 1 0
github.com/jberlyn/syncopation/api/batch_items.go:61.10,62.67 1 0
github.com/jberlyn/syncopation/api/batch_items.go:66.98,69.16 3 0
github.com/jberlyn/syncopation/api/batch_items.go:69.16,72.3 2 0
github.com/jberlyn/syncopation/api/batch_items.go:74.2,74.51 1 0
github.com/jberlyn/syncopation/api/batch_items.go:74.51,77.3 2 0
github.com/jberlyn/syncopation/api/batch_items.go:79.2,81.16 3 0
github.com/jberlyn/syncopation/api/batch_items.go:81.16,84.3 2 0
github.com/jberlyn/syncopation/api/batch_items.go:85.2,85.15 1 0
github.com/jberlyn/syncopation/api/batch_items.go:85.15,85.36 1 0
github.com/jberlyn/syncopation/api/batch_items.go:87.2,91.36 4 0
github.com/jberlyn/syncopation/api/batch_items.go:91.36,104.27 7 0
github.com/jberlyn/syncopation/api/batch_items.go:104.27,108.4 3 0
github.com/jberlyn/syncopation/api/batch_items.go:108.9,108.24 1 0
github.com/jberlyn/syncopation/api/batch_items.go:108.24,111.12 3 0
github.com/jberlyn/syncopation/api/batch_items.go:112.9,116.4 3 0
github.com/jberlyn/syncopation/api/batch_items.go:118.3,118.77 1 0
github.com/jberlyn/syncopation/api/batch_items.go:118.77,121.12 3 0
github.com/jberlyn/syncopation/api/batch_items.go:124.3,138.17 2 0
github.com/jberlyn/syncopation/api/batch_items.go:138.17,141.12 3 0
github.com/jberlyn/syncopation/api/batch_items.go:144.3,150.17 2 0
github.com/jberlyn/syncopation/api/batch_items.go:150.17,153.12 3 0
github.com/jberlyn/syncopation/api/batch_items.go:156.3,167.17 2 0
github.com/jberlyn/syncopation/api/batch_items.go:167.17,170.12 3 0
github.com/jberlyn/syncopation/api/batch_items.go:173.3,182.4 1 0
github.com/jberlyn/syncopation/api/batch_items.go:185.2,185.36 1 0
github.com/jberlyn/syncopation/api/batch_items.go:185.36,188.3 2 0
github.com/jberlyn/syncopation/api/batch_items.go:190.2,196.37 3 0
github.com/jberlyn/syncopation/api/batch_items.go:199.101,202.16 3 0
github.com/jberlyn/syncopation/api/batch_items.go:202.16,205.3 2 0
github.com/jberlyn/syncopation/api/batch_items.go:207.2,207.51 1 0
github.com/jberlyn/syncopation/api/batch_items.go:207.51,210.3 2 0
github.com/jberlyn/syncopation/api/batch_items.go:212.2,214.16 3 0
github.com/jberlyn/syncopation/api/batch_items.go:214.16,217.3 2 0
github.com/jberlyn/syncopation/api/batch_items.go:218.2,218.15 1 0
github.com/jberlyn/syncopation/api/batch_items.go:218.15,218.36 1 0
github.com/jberlyn/syncopation/api/batch_items.go:220.2,224.37 4 0
github.com/jberlyn/syncopation/api/batch_items.go:224.37,229.17 2 0
github.com/jberlyn/syncopation/api/batch_items.go:229.17,230.28 1 0
github.com/jberlyn/syncopation/api/batch_items.go:230.28,232.13 2 0
github.com/jberlyn/syncopation/api/batch_items.go:235.4,235.12 1 0
github.com/jberlyn/syncopation/api/batch_items.go:238.3,242.17 2 0
github.com/jberlyn/syncopation/api/batch_items.go:242.17,243.12 1 0
github.com/jberlyn/syncopation/api/batch_items.go:246.3,250.17 2 0
github.com/jberlyn/syncopation/api/batch_items.go:250.17,251.12 1 0
github.com/jberlyn/syncopation/api/batch_items.go:254.3,265.17 2 0
github.com/jberlyn/syncopation/api/batch_items.go:265.17,266.12 1 0
github.com/jberlyn/syncopation/api/batch_items.go:269.3,271.33 2 0
github.com/jberlyn/syncopation/api/batch_items.go:274.2,274.36 1 0
github.com/jberlyn/syncopation/api/batch_items.go:274.36,277.3 2 0
github.com/jberlyn/syncopation/api/batch_items.go:279.2,285.37 3 0
github.com/jberlyn/syncopation/api/items.go:40.53,41.47 1 0
github.com/jberlyn/syncopation/api/items.go:41.47,43.43 2 0
github.com/jberlyn/syncopation/api/items.go:43.43,45.4 1 0
github.com/jberlyn/syncopation/api/items.go:46.3,46.41 1 0
github.com/jberlyn/syncopation/api/items.go:46.41,48.4 1 0
github.com/jberlyn/syncopation/api/items.go:49.3,49.45 1 0
github.com/jberlyn/syncopation/api/items.go:49.45,54.4 3 0
github.com/jberlyn/syncopation/api/items.go:55.3,55.35 1 0
github.com/jberlyn/syncopation/api/items.go:55.35,57.4 1 0
github.com/jberlyn/syncopation/api/items.go:58.8,58.54 1 0
github.com/jberlyn/syncopation/api/items.go:58.54,60.23 2 0
github.com/jberlyn/syncopation/api/items.go:60.23,62.4 1 0
github.com/jberlyn/syncopation/api/items.go:63.3,63.54 1 0
github.com/jberlyn/syncopation/api/items.go:63.54,65.4 1 0
github.com/jberlyn/syncopation/api/items.go:66.3,66.17 1 0
github.com/jberlyn/syncopation/api/items.go:66.17,68.4 1 0
github.com/jberlyn/syncopation/api/items.go:70.2,70.22 1 0
github.com/jberlyn/syncopation/api/items.go:73.75,75.9 2 0
github.com/jberlyn/syncopation/api/items.go:75.9,78.3 2 0
github.com/jberlyn/syncopation/api/items.go:80.2,81.12 2 0
github.com/jberlyn/syncopation/api/items.go:81.12,84.3 2 0
github.com/jberlyn/syncopation/api/items.go:86.2,86.18 1 0
github.com/jberlyn/syncopation/api/items.go:87.22,88.26 1 0
github.com/jberlyn/syncopation/api/items.go:88.26,90.4 1 0
github.com/jberlyn/syncopation/api/items.go:90.9,90.31 1 0
github.com/jberlyn/syncopation/api/items.go:90.31,92.4 1 0
github.com/jberlyn/syncopation/api/items.go:92.9,92.34 1 0
github.com/jberlyn/syncopation/api/items.go:92.34,94.4 1 0
github.com/jberlyn/syncopation/api/items.go:94.9,96.4 1 0
github.com/jberlyn/syncopation/api/items.go:97.22,98.26 1 0
github.com/jberlyn/syncopation/api/items.go:98.26,101.4 2 0
github.com/jberlyn/syncopation/api/items.go:102.3,102.45 1 0
github.com/jberlyn/syncopation/api/items.go:103.25,104.23 1 0
github.com/jberlyn/syncopation/api/items.go:104.23,107.4 2 0
github.com/jberlyn/syncopation/api/items.go:108.3,108.41 1 0
github.com/jberlyn/syncopation/api/items.go:109.10,110.67 1 0
github.com/jberlyn/syncopation/api/items.go:114.102,116.16 2 0
github.com/jberlyn/syncopation/api/items.go:116.16,117.27 1 0
github.com/jberlyn/syncopation/api/items.go:117.27,120.4 2 0
github.com/jberlyn/syncopation/api/items.go:121.3,122.9 2 0
github.com/jberlyn/syncopation/api/items.go:125.2,134.37 3 0
github.com/jberlyn/syncopation/api/items.go:137.105,139.16 2 0
github.com/jberlyn/syncopation/api/items.go:139.16,140.27 1 0
github.com/jberlyn/syncopation/api/items.go:140.27,143.4 2 0
github.com/jberlyn/syncopation/api/items.go:144.3,145.9 2 0
github.com/jberlyn/syncopation/api/items.go:148.2,149.25 2 0
github.com/jberlyn/syncopation/api/items.go:152.93,155.21 3 0
github.com/jberlyn/syncopation/api/items.go:155.21,157.17 2 0
github.com/jberlyn/syncopation/api/items.go:157.17,159.4 1 0
github.com/jberlyn/syncopation/api/items.go:162.2,165.16 3 0
github.com/jberlyn/syncopation/api/items.go:165.16,168.3 2 0
github.com/jberlyn/syncopation/api/items.go:170.2,171.28 2 0
github.com/jberlyn/syncopation/api/items.go:171.28,179.3 2 0
github.com/jberlyn/syncopation/api/items.go:181.2,188.37 3 0
github.com/jberlyn/syncopation/api/items.go:191.96,194.21 3 0
github.com/jberlyn/syncopation/api/items.go:194.21,196.17 2 0
github.com/jberlyn/syncopation/api/items.go:196.17,198.4 1 0
github.com/jberlyn/syncopation/api/items.go:201.2,204.16 3 0
github.com/jberlyn/syncopation/api/items.go:204.16,207.3 2 0
github.com/jberlyn/syncopation/api/items.go:209.2,210.29 2 0
github.com/jberlyn/syncopation/api/items.go:210.29,218.3 1 0
github.com/jberlyn/syncopation/api/items.go:220.2,231.37 3 0
github.com/jberlyn/syncopation/api/items.go:234.105,236.16 2 0
github.com/jberlyn/syncopation/api/items.go:236.16,239.3 2 0
github.com/jberlyn/syncopation/api/items.go:241.2,242.23 2 0
github.com/jberlyn/syncopation/api/items.go:242.23,244.3 1 0
github.com/jberlyn/syncopation/api/items.go:246.2,247.16 2 0
github.com/jberlyn/syncopation/api/items.go:247.16,250.3 2 0
github.com/jberlyn/syncopation/api/items.go:252.2,261.37 3 0
github.com/jberlyn/syncopation/api/items.go:264.101,266.16 2 0
github.com/jberlyn/syncopation/api/items.go:266.16,269.3 2 0
github.com/jberlyn/syncopation/api/items.go:271.2,271.30 1 0
github.com/jberlyn/syncopation/api/locks.go:46.43,48.2 1 0
github.com/jberlyn/syncopation/api/locks.go:50.79,55.66 3 0
github.com/jberlyn/syncopation/api/locks.go:55.66,57.41 2 0
github.com/jberlyn/syncopation/api/locks.go:57.41,59.4 1 0
github.com/jberlyn/syncopation/api/locks.go:61.3,61.31 1 0
github.com/jberlyn/syncopation/api/locks.go:61.31,63.70 2 0
github.com/jberlyn/syncopation/api/locks.go:63.70,64.13 1 0
github.com/jberlyn/syncopation/api/locks.go:68.4,69.28 2 0
github.com/jberlyn/syncopation/api/locks.go:69.28,72.13 2 0
github.com/jberlyn/syncopation/api/locks.go:74.4,74.43 1 0
github.com/jberlyn/syncopation/api/locks.go:78.2,78.25 1 0
github.com/jberlyn/syncopation/api/locks.go:81.75,83.61 2 0
github.com/jberlyn/syncopation/api/locks.go:83.61,86.3 2 0
github.com/jberlyn/syncopation/api/locks.go:88.2,92.16 3 0
github.com/jberlyn/syncopation/api/locks.go:92.16,96.3 3 0
github.com/jberlyn/syncopation/api/locks.go:99.2,100.32 2 0
github.com/jberlyn/syncopation/api/locks.go:100.32,101.64 1 0
github.com/jberlyn/syncopation/api/locks.go:101.64,103.9 2 0
github.com/jberlyn/syncopation/api/locks.go:107.2,107.35 1 0
github.com/jberlyn/syncopation/api/locks.go:107.35,110.33 2 0
github.com/jberlyn/syncopation/api/locks.go:110.33,111.34 1 0
github.com/jberlyn/syncopation/api/locks.go:111.34,113.10 2 0
github.com/jberlyn/syncopation/api/locks.go:116.3,116.20 1 0
github.com/jberlyn/syncopation/api/locks.go:116.20,119.4 2 0
github.com/jberlyn/syncopation/api/locks.go:120.8,120.37 1 0
github.com/jberlyn/syncopation/api/locks.go:120.37,122.23 1 0
github.com/jberlyn/syncopation/api/locks.go:122.23,125.4 2 0
github.com/jberlyn/syncopation/api/locks.go:126.8,129.3 2 0
github.com/jberlyn/syncopation/api/locks.go:132.2,147.16 5 0
github.com/jberlyn/syncopation/api/locks.go:147.16,150.3 2 0
github.com/jberlyn/syncopation/api/locks.go:152.2,153.41 2 0
github.com/jberlyn/syncopation/api/locks.go:156.75,160.14 2 0
github.com/jberlyn/syncopation/api/locks.go:160.14,163.3 2 0
github.com/jberlyn/syncopation/api/locks.go:165.2,167.16 3 0
github.com/jberlyn/syncopation/api/locks.go:167.16,170.3 2 0
github.com/jberlyn/syncopation/api/locks.go:172.2,172.30 1 0
github.com/jberlyn/syncopation/api/locks.go:175.73,177.16 2 0
github.com/jberlyn/syncopation/api/locks.go:177.16,180.3 2 0
github.com/jberlyn/syncopation/api/locks.go:183.2,183.24 1 0
github.com/jberlyn/syncopation/api/locks.go:183.24,185.3 1 0
github.com/jberlyn/syncopation/api/locks.go:187.2,193.37 3 0
github.com/jberlyn/syncopation/api/middleware.go:15.56,18.2 2 0
github.com/jberlyn/syncopation/api/middleware.go:22.56,23.71 1 0
github.com/jberlyn/syncopation/api/middleware.go:23.71,33.49 6 0
github.com/jberlyn/syncopation/api/middleware.go:33.49,35.4 1 0
github.com/jberlyn/syncopation/api/middleware.go:36.3,36.46 1 0
github.com/jberlyn/syncopation/api/middleware.go:36.46,38.4 1 0
github.com/jberlyn/syncopation/api/middleware.go:40.3,46.4 1 0
github.com/jberlyn/syncopation/config/config.go:16.27,18.40 1 0
github.com/jberlyn/syncopation/config/config.go:18.40,20.3 1 0
github.com/jberlyn/syncopation/config/config.go:22.2,23.16 2 0
github.com/jberlyn/syncopation/config/config.go:23.16,25.3 1 0
github.com/jberlyn/syncopation/config/config.go:27.2,28.18 2 0
github.com/jberlyn/syncopation/config/config.go:28.18,30.3 1 0
github.com/jberlyn/syncopation/config/config.go:32.2,33.23 2 0
github.com/jberlyn/syncopation/config/config.go:33.23,35.3 1 0
github.com/jberlyn/syncopation/config/config.go:37.2,41.3 1 0
[...]
github.com/jberlyn/syncopation/api/items.go:55.35,57.4 1 0
github.com/jberlyn/syncopation/api/items.go:58.8,58.54 1 0
github.com/jberlyn/syncopation/api/items.go:58.54,60.23 2 0
github.com/jberlyn/syncopation/api/items.go:60.23,62.4 1 0
github.com/jberlyn/syncopation/api/items.go:63.3,63.54 1 0
github.com/jberlyn/syncopation/api/items.go:63.54,65.4 1 0
github.com/jberlyn/syncopation/api/items.go:66.3,66.17 1 0
github.com/jberlyn/syncopation/api/items.go:66.17,68.4 1 0
github.com/jberlyn/syncopation/api/items.go:70.2,70.22 1 0
github.com/jberlyn/syncopation/api/items.go:73.75,75.9 2 0
github.com/jberlyn/syncopation/api/items.go:75.9,78.3 2 0
github.com/jberlyn/syncopation/api/items.go:80.2,81.12 2 0
github.com/jberlyn/syncopation/api/items.go:81.12,84.3 2 0
github.com/jberlyn/syncopation/api/items.go:86.2,86.18 1 0
github.com/jberlyn/syncopation/api/items.go:87.22,88.26 1 0
github.com/jberlyn/syncopation/api/items.go:88.26,90.4 1 0
github.com/jberlyn/syncopation/api/items.go:90.9,90.31 1 0
github.com/jberlyn/syncopation/api/items.go:90.31,92.4 1 0
github.com/jberlyn/syncopation/api/items.go:92.9,92.34 1 0
github.com/jberlyn/syncopation/api/items.go:92.34,94.4 1 0
github.com/jberlyn/syncopation/api/items.go:94.9,96.4 1 0
github.com/jberlyn/syncopation/api/items.go:97.22,98.26 1 0
github.com/jberlyn/syncopation/api/items.go:98.26,101.4 2 0
github.com/jberlyn/syncopation/api/items.go:102.3,102.45 1 0
github.com/jberlyn/syncopation/api/items.go:103.25,104.23 1 0
github.com/jberlyn/syncopation/api/items.go:104.23,107.4 2 0
github.com/jberlyn/syncopation/api/items.go:108.3,108.41 1 0
github.com/jberlyn/syncopation/api/items.go:109.10,110.67 1 0
github.com/jberlyn/syncopation/api/items.go:114.102,116.16 2 0
github.com/jberlyn/syncopation/api/items.go:116.16,117.27 1 0
github.com/jberlyn/syncopation/api/items.go:117.27,120.4 2 0
github.com/jberlyn/syncopation/api/items.go:121.3,122.9 2 0
github.com/jberlyn/syncopation/api/items.go:125.2,134.37 3 0
github.com/jberlyn/syncopation/api/items.go:137.105,139.16 2 0
github.com/jberlyn/syncopation/api/items.go:139.16,140.27 1 0
github.com/jberlyn/syncopation/api/items.go:140.27,143.4 2 0
github.com/jberlyn/syncopation/api/items.go:144.3,145.9 2 0
github.com/jberlyn/syncopation/api/items.go:148.2,149.25 2 0
github.com/jberlyn/syncopation/api/items.go:152.93,155.21 3 0
github.com/jberlyn/syncopation/api/items.go:155.21,157.17 2 0
github.com/jberlyn/syncopation/api/items.go:157.17,159.4 1 0
github.com/jberlyn/syncopation/api/items.go:162.2,165.16 3 0
github.com/jberlyn/syncopation/api/items.go:165.16,168.3 2 0
github.com/jberlyn/syncopation/api/items.go:170.2,171.28 2 0
github.com/jberlyn/syncopation/api/items.go:171.28,179.3 2 0
github.com/jberlyn/syncopation/api/items.go:181.2,188.37 3 0
github.com/jberlyn/syncopation/api/items.go:191.96,194.21 3 0
github.com/jberlyn/syncopation/api/items.go:194.21,196.17 2 0
github.com/jberlyn/syncopation/api/items.go:196.17,198.4 1 0
github.com/jberlyn/syncopation/api/items.go:201.2,204.16 3 0
github.com/jberlyn/syncopation/api/items.go:204.16,207.3 2 0
github.com/jberlyn/syncopation/api/items.go:209.2,210.29 2 0
github.com/jberlyn/syncopation/api/items.go:210.29,218.3 1 0
github.com/jberlyn/syncopation/api/items.go:220.2,231.37 3 0
github.com/jberlyn/syncopation/api/items.go:234.105,236.16 2 0
github.com/jberlyn/syncopation/api/items.go:236.16,239.3 2 0
github.com/jberlyn/syncopation/api/items.go:241.2,242.23 2 0
github.com/jberlyn/syncopation/api/items.go:242.23,244.3 1 0
github.com/jberlyn/syncopation/api/items.go:246.2,247.16 2 0
github.com/jberlyn/syncopation/api/items.go:247.16,250.3 2 0
github.com/jberlyn/syncopation/api/items.go:252.2,261.37 3 0
github.com/jberlyn/syncopation/api/items.go:264.101,266.16 2 0
github.com/jberlyn/syncopation/api/items.go:266.16,269.3 2 0
github.com/jberlyn/syncopation/api/items.go:271.2,271.30 1 0
github.com/jberlyn/syncopation/api/locks.go:46.43,48.2 1 0
github.com/jberlyn/syncopation/api/locks.go:50.79,55.66 3 0
github.com/jberlyn/syncopation/api/locks.go:55.66,57.41 2 0
github.com/jberlyn/syncopation/api/locks.go:57.41,59.4 1 0
github.com/jberlyn/syncopation/api/locks.go:61.3,61.31 1 0
github.com/jberlyn/syncopation/api/locks.go:61.31,63.70 2 0
github.com/jberlyn/syncopation/api/locks.go:63.70,64.13 1 0
github.com/jberlyn/syncopation/api/locks.go:68.4,69.28 2 0
github.com/jberlyn/syncopation/api/locks.go:69.28,72.13 2 0
github.com/jberlyn/syncopation/api/locks.go:74.4,74.43 1 0
github.com/jberlyn/syncopation/api/locks.go:78.2,78.25 1 0
github.com/jberlyn/syncopation/api/locks.go:81.75,83.61 2 0
github.com/jberlyn/syncopation/api/locks.go:83.61,86.3 2 0
github.com/jberlyn/syncopation/api/locks.go:88.2,92.16 3 0
github.com/jberlyn/syncopation/api/locks.go:92.16,96.3 3 0
github.com/jberlyn/syncopation/api/locks.go:99.2,100.32 2 0
github.com/jberlyn/syncopation/api/locks.go:100.32,101.64 1 0
github.com/jberlyn/syncopation/api/locks.go:101.64,103.9 2 0
github.com/jberlyn/syncopation/api/locks.go:107.2,107.35 1 0
github.com/jberlyn/syncopation/api/locks.go:107.35,110.33 2 0
github.com/jberlyn/syncopation/api/locks.go:110.33,111.34 1 0
github.com/jberlyn/syncopation/api/locks.go:111.34,113.10 2 0
github.com/jberlyn/syncopation/api/locks.go:116.3,116.20 1 0
github.com/jberlyn/syncopation/api/locks.go:116.20,119.4 2 0
github.com/jberlyn/syncopation/api/locks.go:120.8,120.37 1 0
github.com/jberlyn/syncopation/api/locks.go:120.37,122.23 1 0
github.com/jberlyn/syncopation/api/locks.go:122.23,125.4 2 0
github.com/jberlyn/syncopation/api/locks.go:126.8,129.3 2 0
github.com/jberlyn/syncopation/api/locks.go:132.2,147.16 5 0
github.com/jberlyn/syncopation/api/locks.go:147.16,150.3 2 0
github.com/jberlyn/syncopation/api/locks.go:152.2,153.41 2 0
github.com/jberlyn/syncopation/api/locks.go:156.75,160.14 2 0
github.com/jberlyn/syncopation/api/locks.go:160.14,163.3 2 0
github.com/jberlyn/syncopation/api/locks.go:165.2,167.16 3 0
github.com/jberlyn/syncopation/api/locks.go:167.16,170.3 2 0
github.com/jberlyn/syncopation/api/locks.go:172.2,172.30 1 0
github.com/jberlyn/syncopation/api/locks.go:175.73,177.16 2 0
github.com/jberlyn/syncopation/api/locks.go:177.16,180.3 2 0
github.com/jberlyn/syncopation/api/locks.go:183.2,183.24 1 0
github.com/jberlyn/syncopation/api/locks.go:183.24,185.3 1 0
github.com/jberlyn/syncopation/api/locks.go:187.2,193.37 3 0
github.com/jberlyn/syncopation/api/middleware.go:15.56,18.2 2 0
github.com/jberlyn/syncopation/api/middleware.go:22.56,23.71 1 0
github.com/jberlyn/syncopation/api/middleware.go:23.71,33.49 6 0
github.com/jberlyn/syncopation/api/middleware.go:33.49,35.4 1 0
github.com/jberlyn/syncopation/api/middleware.go:36.3,36.46 1 0
github.com/jberlyn/syncopation/api/middleware.go:36.46,38.4 1 0
github.com/jberlyn/syncopation/api/middleware.go:40.3,46.4 1 0
github.com/jberlyn/syncopation/config/config.go:16.27,18.40 1 0
github.com/jberlyn/syncopation/config/config.go:18.40,20.3 1 0
github.com/jberlyn/syncopation/config/config.go:22.2,23.16 2 0
github.com/jberlyn/syncopation/config/config.go:23.16,25.3 1 0
github.com/jberlyn/syncopation/config/config.go:27.2,28.18 2 0
github.com/jberlyn/syncopation/config/config.go:28.18,30.3 1 0
github.com/jberlyn/syncopation/config/config.go:32.2,33.23 2 0
github.com/jberlyn/syncopation/config/config.go:33.23,35.3 1 0
github.com/jberlyn/syncopation/config/config.go:37.2,41.3 1 0
github.com/jberlyn/syncopation/db/db.go:19.28,21.2 1 1
github.com/jberlyn/syncopation/db/db.go:27.47,31.2 1 0
github.com/jberlyn/syncopation/db/queries.sql.go:16.66,21.2 4 1
github.com/jberlyn/syncopation/db/queries.sql.go:40.96,57.2 4 1
github.com/jberlyn/syncopation/db/queries.sql.go:76.90,93.2 4 1
github.com/jberlyn/syncopation/db/queries.sql.go:113.87,132.2 4 1
github.com/jberlyn/syncopation/db/queries.sql.go:151.102,169.2 4 1
github.com/jberlyn/syncopation/db/queries.sql.go:176.71,179.2 2 1
github.com/jberlyn/syncopation/db/queries.sql.go:193.121,196.2 2 1
github.com/jberlyn/syncopation/db/queries.sql.go:203.77,206.2 2 1
github.com/jberlyn/syncopation/db/queries.sql.go:213.68,216.2 2 1
github.com/jberlyn/syncopation/db/queries.sql.go:228.95,231.2 2 1
github.com/jberlyn/syncopation/db/queries.sql.go:246.115,248.16 2 1
github.com/jberlyn/syncopation/db/queries.sql.go:248.16,250.3 1 0
github.com/jberlyn/syncopation/db/queries.sql.go:251.2,253.18 3 1
github.com/jberlyn/syncopation/db/queries.sql.go:253.18,266.17 2 1
github.com/jberlyn/syncopation/db/queries.sql.go:266.17,268.4 1 0
github.com/jberlyn/syncopation/db/queries.sql.go:269.3,269.27 1 1
github.com/jberlyn/syncopation/db/queries.sql.go:271.2,271.37 1 1
github.com/jberlyn/syncopation/db/queries.sql.go:271.37,273.3 1 0
github.com/jberlyn/syncopation/db/queries.sql.go:274.2,274.35 1 1
github.com/jberlyn/syncopation/db/queries.sql.go:274.35,276.3 1 0
github.com/jberlyn/syncopation/db/queries.sql.go:277.2,277.19 1 1
github.com/jberlyn/syncopation/db/queries.sql.go:291.86,296.2 4 1
github.com/jberlyn/syncopation/db/queries.sql.go:303.79,314.2 4 1
github.com/jberlyn/syncopation/db/queries.sql.go:328.127,346.2 4 1
github.com/jberlyn/syncopation/db/queries.sql.go:353.86,363.2 4 1
github.com/jberlyn/syncopation/db/queries.sql.go:370.73,382.2 4 0
github.com/jberlyn/syncopation/db/queries.sql.go:389.83,401.2 4 1
github.com/jberlyn/syncopation/db/queries.sql.go:424.80,426.16 2 1
github.com/jberlyn/syncopation/db/queries.sql.go:426.16,428.3 1 0
github.com/jberlyn/syncopation/db/queries.sql.go:429.2,431.18 3 1
github.com/jberlyn/syncopation/db/queries.sql.go:431.18,439.17 2 1
github.com/jberlyn/syncopation/db/queries.sql.go:439.17,441.4 1 0
github.com/jberlyn/syncopation/db/queries.sql.go:442.3,442.27 1 1
github.com/jberlyn/syncopation/db/queries.sql.go:444.2,444.37 1 1
github.com/jberlyn/syncopation/db/queries.sql.go:444.37,446.3 1 0
github.com/jberlyn/syncopation/db/queries.sql.go:447.2,447.35 1 1
github.com/jberlyn/syncopation/db/queries.sql.go:447.35,449.3 1 0
github.com/jberlyn/syncopation/db/queries.sql.go:450.2,450.19 1 1
github.com/jberlyn/syncopation/db/queries.sql.go:474.105,500.2 4 1
github.com/jberlyn/syncopation/db/queries.sql.go:528.129,531.2 2 1
github.com/jberlyn/syncopation/db/queries.sql.go:547.111,549.16 2 1
github.com/jberlyn/syncopation/db/queries.sql.go:549.16,551.3 1 0
github.com/jberlyn/syncopation/db/queries.sql.go:552.2,554.18 3 1
github.com/jberlyn/syncopation/db/queries.sql.go:554.18,569.17 2 1
github.com/jberlyn/syncopation/db/queries.sql.go:569.17,571.4 1 0
github.com/jberlyn/syncopation/db/queries.sql.go:572.3,572.27 1 1
github.com/jberlyn/syncopation/db/queries.sql.go:574.2,574.37 1 1
github.com/jberlyn/syncopation/db/queries.sql.go:574.37,576.3 1 0
github.com/jberlyn/syncopation/db/queries.sql.go:577.2,577.35 1 1
github.com/jberlyn/syncopation/db/queries.sql.go:577.35,579.3 1 0
github.com/jberlyn/syncopation/db/queries.sql.go:580.2,580.19 1 1
github.com/jberlyn/syncopation/db/queries.sql.go:588.96,590.16 2 1
github.com/jberlyn/syncopation/db/queries.sql.go:590.16,592.3 1 0
github.com/jberlyn/syncopation/db/queries.sql.go:593.2,595.18 3 1
github.com/jberlyn/syncopation/db/queries.sql.go:595.18,602.17 2 1
github.com/jberlyn/syncopation/db/queries.sql.go:602.17,604.4 1 0
github.com/jberlyn/syncopation/db/queries.sql.go:605.3,605.27 1 1
github.com/jberlyn/syncopation/db/queries.sql.go:607.2,607.37 1 1
github.com/jberlyn/syncopation/db/queries.sql.go:607.37,609.3 1 0
github.com/jberlyn/syncopation/db/queries.sql.go:610.2,610.35 1 1
github.com/jberlyn/syncopation/db/queries.sql.go:610.35,612.3 1 0
github.com/jberlyn/syncopation/db/queries.sql.go:613.2,613.19 1 1
github.com/jberlyn/syncopation/db/queries.sql.go:634.93,644.2 4 1
github.com/jberlyn/syncopation/db/queries.sql.go:683.99,714.2 4 1
github.com/jberlyn/syncopation/db/queries.sql.go:734.111,750.2 4 1
github.com/jberlyn/syncopation/services/admin_service.go:26.78,31.2 1 0
github.com/jberlyn/syncopation/services/admin_service.go:33.76,35.16 2 0
github.com/jberlyn/syncopation/services/admin_service.go:35.16,37.3 1 0
github.com/jberlyn/syncopation/services/admin_service.go:38.2,38.24 1 0
github.com/jberlyn/syncopation/services/admin_service.go:41.102,43.16 2 0
github.com/jberlyn/syncopation/services/admin_service.go:43.16,45.3 1 0
github.com/jberlyn/syncopation/services/admin_service.go:47.2,48.37 2 0
github.com/jberlyn/syncopation/services/admin_service.go:48.37,50.3 1 0
github.com/jberlyn/syncopation/services/admin_service.go:52.2,52.19 1 0
github.com/jberlyn/syncopation/services/admin_service.go:55.101,57.16 2 0
github.com/jberlyn/syncopation/services/admin_service.go:57.16,59.3 1 0
github.com/jberlyn/syncopation/services/admin_service.go:61.2,72.16 4 0
github.com/jberlyn/syncopation/services/admin_service.go:72.16,74.3 1 0
github.com/jberlyn/syncopation/services/admin_service.go:76.2,84.16 3 0
github.com/jberlyn/syncopation/services/admin_service.go:84.16,86.3 1 0
github.com/jberlyn/syncopation/services/admin_service.go:88.2,88.23 1 0
github.com/jberlyn/syncopation/services/admin_service.go:91.96,93.37 2 0
github.com/jberlyn/syncopation/services/admin_service.go:93.37,95.3 1 0
github.com/jberlyn/syncopation/services/admin_service.go:97.2,97.99 1 0
github.com/jberlyn/syncopation/services/admin_service.go:97.99,99.3 1 0
github.com/jberlyn/syncopation/services/admin_service.go:101.2,110.16 4 0
github.com/jberlyn/syncopation/services/admin_service.go:110.16,112.3 1 0
github.com/jberlyn/syncopation/services/admin_service.go:114.2,114.23 1 0
github.com/jberlyn/syncopation/services/admin_service.go:117.81,119.2 1 0
github.com/jberlyn/syncopation/services/admin_service.go:121.117,123.16 2 0
github.com/jberlyn/syncopation/services/admin_service.go:123.16,125.3 1 0
github.com/jberlyn/syncopation/services/admin_service.go:126.2,127.16 2 0
github.com/jberlyn/syncopation/services/admin_service.go:127.16,129.3 1 0
github.com/jberlyn/syncopation/services/admin_service.go:130.2,130.30 1 0
github.com/jberlyn/syncopation/services/admin_service.go:133.86,135.16 2 0
github.com/jberlyn/syncopation/services/admin_service.go:135.16,137.3 1 0
github.com/jberlyn/syncopation/services/admin_service.go:139.2,140.16 2 0
github.com/jberlyn/syncopation/services/admin_service.go:140.16,142.3 1 0
github.com/jberlyn/syncopation/services/admin_service.go:144.2,153.12 3 0
github.com/jberlyn/syncopation/services/admin_service.go:156.77,158.16 2 0
github.com/jberlyn/syncopation/services/admin_service.go:158.16,160.3 1 0
github.com/jberlyn/syncopation/services/admin_service.go:161.2,161.23 1 0
github.com/jberlyn/syncopation/services/admin_service.go:161.23,163.3 1 0
github.com/jberlyn/syncopation/services/admin_service.go:165.2,171.16 3 0
github.com/jberlyn/syncopation/services/admin_service.go:171.16,173.3 1 0
github.com/jberlyn/syncopation/services/admin_service.go:175.2,176.16 2 0
github.com/jberlyn/syncopation/services/admin_service.go:176.16,178.3 1 0
github.com/jberlyn/syncopation/services/admin_service.go:180.2,180.22 1 0
github.com/jberlyn/syncopation/services/admin_service.go:180.22,182.3 1 0
github.com/jberlyn/syncopation/services/admin_service.go:184.2,184.12 1 0
github.com/jberlyn/syncopation/services/auth_service.go:20.51,24.2 1 0
github.com/jberlyn/syncopation/services/auth_service.go:26.95,28.16 2 0
github.com/jberlyn/syncopation/services/auth_service.go:28.16,30.3 1 0
github.com/jberlyn/syncopation/services/auth_service.go:32.2,32.99 1 0
github.com/jberlyn/syncopation/services/auth_service.go:32.99,34.3 1 0
github.com/jberlyn/syncopation/services/auth_service.go:37.2,47.16 4 0
github.com/jberlyn/syncopation/services/auth_service.go:47.16,49.3 1 0
github.com/jberlyn/syncopation/services/auth_service.go:51.2,51.22 1 0
github.com/jberlyn/syncopation/services/auth_service.go:54.75,56.2 1 0
github.com/jberlyn/syncopation/services/auth_service.go:58.99,60.16 2 0
github.com/jberlyn/syncopation/services/auth_service.go:60.16,62.3 1 0
github.com/jberlyn/syncopation/services/auth_service.go:63.2,63.22 1 0
github.com/jberlyn/syncopation/services/item_service.go:18.76,23.2 1 0
github.com/jberlyn/syncopation/services/item_service.go:25.99,30.16 2 0
github.com/jberlyn/syncopation/services/item_service.go:30.16,32.3 1 0
github.com/jberlyn/syncopation/services/item_service.go:33.2,33.19 1 0
github.com/jberlyn/syncopation/services/item_service.go:36.110,41.16 2 0
github.com/jberlyn/syncopation/services/item_service.go:41.16,43.3 1 0
github.com/jberlyn/syncopation/services/item_service.go:45.2,46.16 2 0
github.com/jberlyn/syncopation/services/item_service.go:46.16,48.3 1 0
github.com/jberlyn/syncopation/services/item_service.go:50.2,50.28 1 0
github.com/jberlyn/syncopation/services/item_service.go:53.133,59.16 2 0
github.com/jberlyn/syncopation/services/item_service.go:59.16,61.3 1 0
github.com/jberlyn/syncopation/services/item_service.go:63.2,64.31 2 0
github.com/jberlyn/syncopation/services/item_service.go:64.31,67.3 2 0
github.com/jberlyn/syncopation/services/item_service.go:69.2,70.22 2 0
github.com/jberlyn/syncopation/services/item_service.go:70.22,72.3 1 0
github.com/jberlyn/syncopation/services/item_service.go:74.2,74.42 1 0
github.com/jberlyn/syncopation/services/item_service.go:77.134,83.16 2 0
github.com/jberlyn/syncopation/services/item_service.go:83.16,85.3 1 0
github.com/jberlyn/syncopation/services/item_service.go:87.2,88.29 2 0
github.com/jberlyn/syncopation/services/item_service.go:88.29,91.3 2 0
github.com/jberlyn/syncopation/services/item_service.go:93.2,93.44 1 0
github.com/jberlyn/syncopation/services/item_service.go:96.138,108.26 6 0
github.com/jberlyn/syncopation/services/item_service.go:108.26,112.3 3 0
github.com/jberlyn/syncopation/services/item_service.go:112.8,112.23 1 0
github.com/jberlyn/syncopation/services/item_service.go:112.23,114.3 1 0
github.com/jberlyn/syncopation/services/item_service.go:114.8,118.3 3 0
github.com/jberlyn/syncopation/services/item_service.go:120.2,120.76 1 0
github.com/jberlyn/syncopation/services/item_service.go:120.76,122.3 1 0
github.com/jberlyn/syncopation/services/item_service.go:124.2,138.16 2 0
github.com/jberlyn/syncopation/services/item_service.go:138.16,140.3 1 0
github.com/jberlyn/syncopation/services/item_service.go:142.2,148.16 2 0
github.com/jberlyn/syncopation/services/item_service.go:148.16,150.3 1 0
github.com/jberlyn/syncopation/services/item_service.go:152.2,163.16 2 0
github.com/jberlyn/syncopation/services/item_service.go:163.16,165.3 1 0
github.com/jberlyn/syncopation/services/item_service.go:167.2,167.19 1 0
github.com/jberlyn/syncopation/services/item_service.go:170.86,175.16 2 0
github.com/jberlyn/syncopation/services/item_service.go:175.16,176.27 1 0
github.com/jberlyn/syncopation/services/item_service.go:176.27,178.4 1 0
github.com/jberlyn/syncopation/services/item_service.go:179.3,179.13 1 0
github.com/jberlyn/syncopation/services/item_service.go:182.2,186.16 2 0
github.com/jberlyn/syncopation/services/item_service.go:186.16,188.3 1 0
github.com/jberlyn/syncopation/services/item_service.go:190.2,194.16 2 0
github.com/jberlyn/syncopation/services/item_service.go:194.16,196.3 1 0
github.com/jberlyn/syncopation/services/item_service.go:198.2,210.16 3 0
github.com/jberlyn/syncopation/services/item_service.go:210.16,212.3 1 0
github.com/jberlyn/syncopation/services/item_service.go:214.2,214.52 1 0
github.com/jberlyn/syncopation/storage/local_fs.go:13.42,15.2 1 0
github.com/jberlyn/syncopation/storage/local_fs.go:17.50,19.2 1 0
github.com/jberlyn/syncopation/storage/local_fs.go:21.61,23.2 1 0
github.com/jberlyn/syncopation/storage/local_fs.go:25.91,27.2 1 0
github.com/jberlyn/syncopation/storage/local_fs.go:29.98,32.47 3 0
github.com/jberlyn/syncopation/storage/local_fs.go:32.47,34.3 1 0
github.com/jberlyn/syncopation/storage/local_fs.go:35.2,35.46 1 0
github.com/jberlyn/syncopation/storage/local_fs.go:38.83,40.24 2 0
github.com/jberlyn/syncopation/storage/local_fs.go:40.24,42.3 1 0
github.com/jberlyn/syncopation/storage/local_fs.go:43.2,43.12 1 0
github.com/jberlyn/syncopation/storage/local_fs.go:46.73,48.2 1 0
